#
# There is insufficient memory for the Java Runtime Environment to continue.
# Native memory allocation (malloc) failed to allocate 466496 bytes for Chunk::new
# Possible reasons:
#   The system is out of physical RAM or swap space
#   The process is running with CompressedOops enabled, and the Java Heap may be blocking the growth of the native heap
# Possible solutions:
#   Reduce memory load on the system
#   Increase physical memory or swap space
#   Check if swap backing store is full
#   Decrease Java heap size (-Xmx/-Xms)
#   Decrease number of Java threads
#   Decrease Java thread stack sizes (-Xss)
#   Set larger code cache with -XX:ReservedCodeCacheSize=
#   JVM is running with Unscaled Compressed Oops mode in which the Java heap is
#     placed in the first 4GB address space. The Java Heap base address is the
#     maximum limit for the native heap growth. Please use -XX:HeapBaseMinAddress
#     to set the Java Heap base and to place the Java Heap above 4GB virtual address.
# This output file may be truncated or incomplete.
#
#  Out of Memory Error (allocation.cpp:389), pid=9884, tid=0x0000000000001de4
#
# JRE version: OpenJDK Runtime Environment (8.0_242-b01) (build 1.8.0_242-release-1644-b01)
# Java VM: OpenJDK 64-Bit Server VM (25.242-b01 mixed mode windows-amd64 compressed oops)
# Failed to write core dump. Minidumps are not enabled by default on client versions of Windows
#

---------------  T H R E A D  ---------------

Current thread (0x000000001a27d000):  JavaThread "C2 CompilerThread1" daemon [_thread_in_native, id=7652, stack(0x000000001ac50000,0x000000001ad50000)]

Stack: [0x000000001ac50000,0x000000001ad50000]
[error occurred during error reporting (printing stack bounds), id 0xc0000005]

Native frames: (J=compiled Java code, j=interpreted, Vv=VM code, C=native code)


Current CompileTask:
C2:   1213 1472   !   4       java.lang.ClassLoader::loadClass (122 bytes)


---------------  P R O C E S S  ---------------

Java Threads: ( => current thread )
  0x000000001a30f000 JavaThread "Service Thread" daemon [_thread_blocked, id=644, stack(0x000000001af50000,0x000000001b050000)]
  0x000000001a28a000 JavaThread "C1 CompilerThread3" daemon [_thread_blocked, id=18188, stack(0x000000001ae50000,0x000000001af50000)]
  0x000000001a285800 JavaThread "C2 CompilerThread2" daemon [_thread_blocked, id=16852, stack(0x000000001ad50000,0x000000001ae50000)]
=>0x000000001a27d000 JavaThread "C2 CompilerThread1" daemon [_thread_in_native, id=7652, stack(0x000000001ac50000,0x000000001ad50000)]
  0x000000001a277000 JavaThread "C2 CompilerThread0" daemon [_thread_blocked, id=18464, stack(0x000000001ab50000,0x000000001ac50000)]
  0x000000001a276000 JavaThread "Attach Listener" daemon [_thread_blocked, id=11124, stack(0x000000001aa50000,0x000000001ab50000)]
  0x000000001a275000 JavaThread "Signal Dispatcher" daemon [_thread_blocked, id=4340, stack(0x000000001a950000,0x000000001aa50000)]
  0x0000000018440800 JavaThread "Finalizer" daemon [_thread_blocked, id=19144, stack(0x000000001a740000,0x000000001a840000)]
  0x000000000353e800 JavaThread "Reference Handler" daemon [_thread_blocked, id=18512, stack(0x000000001a640000,0x000000001a740000)]
  0x0000000003445000 JavaThread "main" [_thread_in_Java, id=6848, stack(0x0000000003260000,0x0000000003360000)]

Other Threads:
  0x000000000353c800 VMThread [stack: 0x000000001a140000,0x000000001a240000] [id=14224]
  0x000000001a317800 WatcherThread [stack: 0x000000001b050000,0x000000001b150000] [id=4844]

VM state:not at safepoint (normal execution)

VM Mutex/Monitor currently owned by a thread: None

heap address: 0x0000000082600000, size: 2010 MB, Compressed Oops mode: 32-bit
Narrow klass base: 0x0000000000000000, Narrow klass shift: 3
Compressed class space size: 1073741824 Address: 0x0000000100000000

Heap:
 PSYoungGen      total 37888K, used 19815K [0x00000000d6200000, 0x00000000d8c00000, 0x0000000100000000)
  eden space 32768K, 44% used [0x00000000d6200000,0x00000000d705de98,0x00000000d8200000)
  from space 5120K, 99% used [0x00000000d8700000,0x00000000d8bfc010,0x00000000d8c00000)
  to   space 5120K, 0% used [0x00000000d8200000,0x00000000d8200000,0x00000000d8700000)
 ParOldGen       total 86016K, used 7519K [0x0000000082600000, 0x0000000087a00000, 0x00000000d6200000)
  object space 86016K, 8% used [0x0000000082600000,0x0000000082d57ec0,0x0000000087a00000)
 Metaspace       used 19539K, capacity 19970K, committed 20096K, reserved 1067008K
  class space    used 2292K, capacity 2423K, committed 2432K, reserved 1048576K

Card table byte_map: [0x0000000012900000,0x0000000012cf0000] byte_map_base: 0x00000000124ed000

Marking Bits: (ParMarkBitMap*) 0x000000005c19f030
 Begin Bits: [0x0000000013790000, 0x00000000156f8000)
 End Bits:   [0x00000000156f8000, 0x0000000017660000)

Polling page: 0x0000000003220000

CodeCache: size=245760Kb used=4767Kb max_used=4769Kb free=240992Kb
 bounds [0x0000000003540000, 0x00000000039f0000, 0x0000000012540000]
 total_blobs=1881 nmethods=1495 adapters=299
 compilation: enabled

Compilation events (10 events):
Event: 1.203 Thread 0x000000001a28a000 1490       3       sun.misc.URLClassPath$JarLoader::findResource (18 bytes)
Event: 1.203 Thread 0x000000001a28a000 nmethod 1490 0x00000000039e6a50 code [0x00000000039e6bc0, 0x00000000039e6e58]
Event: 1.210 Thread 0x000000001a28a000 1491       1       java.lang.invoke.DirectMethodHandle::internalMemberName (5 bytes)
Event: 1.210 Thread 0x000000001a285800 1492       4       java.lang.Class::getName (21 bytes)
Event: 1.210 Thread 0x000000001a28a000 nmethod 1491 0x00000000039e7150 code [0x00000000039e72a0, 0x00000000039e73b0]
Event: 1.210 Thread 0x000000001a28a000 1493       3       gnu.trove.TObjectHash::index (146 bytes)
Event: 1.210 Thread 0x000000001a285800 nmethod 1492 0x00000000039ea0d0 code [0x00000000039ea220, 0x00000000039ea2c8]
Event: 1.211 Thread 0x000000001a28a000 nmethod 1493 0x00000000039e93d0 code [0x00000000039e95a0, 0x00000000039e9d88]
Event: 1.211 Thread 0x000000001a28a000 1494       3       java.lang.String::startsWith (72 bytes)
Event: 1.211 Thread 0x000000001a28a000 nmethod 1494 0x00000000039e8d50 code [0x00000000039e8ec0, 0x00000000039e91f0]

GC Heap History (4 events):
Event: 0.527 GC heap before
{Heap before GC invocations=1 (full 0):
 PSYoungGen      total 37888K, used 32768K [0x00000000d6200000, 0x00000000d8c00000, 0x0000000100000000)
  eden space 32768K, 100% used [0x00000000d6200000,0x00000000d8200000,0x00000000d8200000)
  from space 5120K, 0% used [0x00000000d8700000,0x00000000d8700000,0x00000000d8c00000)
  to   space 5120K, 0% used [0x00000000d8200000,0x00000000d8200000,0x00000000d8700000)
 ParOldGen       total 86016K, used 0K [0x0000000082600000, 0x0000000087a00000, 0x00000000d6200000)
  object space 86016K, 0% used [0x0000000082600000,0x0000000082600000,0x0000000087a00000)
 Metaspace       used 10028K, capacity 10204K, committed 10368K, reserved 1058816K
  class space    used 1095K, capacity 1148K, committed 1152K, reserved 1048576K
Event: 0.531 GC heap after
Heap after GC invocations=1 (full 0):
 PSYoungGen      total 37888K, used 5112K [0x00000000d6200000, 0x00000000d8c00000, 0x0000000100000000)
  eden space 32768K, 0% used [0x00000000d6200000,0x00000000d6200000,0x00000000d8200000)
  from space 5120K, 99% used [0x00000000d8200000,0x00000000d86fe260,0x00000000d8700000)
  to   space 5120K, 0% used [0x00000000d8700000,0x00000000d8700000,0x00000000d8c00000)
 ParOldGen       total 86016K, used 2565K [0x0000000082600000, 0x0000000087a00000, 0x00000000d6200000)
  object space 86016K, 2% used [0x0000000082600000,0x0000000082881788,0x0000000087a00000)
 Metaspace       used 10028K, capacity 10204K, committed 10368K, reserved 1058816K
  class space    used 1095K, capacity 1148K, committed 1152K, reserved 1048576K
}
Event: 0.987 GC heap before
{Heap before GC invocations=2 (full 0):
 PSYoungGen      total 37888K, used 37880K [0x00000000d6200000, 0x00000000d8c00000, 0x0000000100000000)
  eden space 32768K, 100% used [0x00000000d6200000,0x00000000d8200000,0x00000000d8200000)
  from space 5120K, 99% used [0x00000000d8200000,0x00000000d86fe260,0x00000000d8700000)
  to   space 5120K, 0% used [0x00000000d8700000,0x00000000d8700000,0x00000000d8c00000)
 ParOldGen       total 86016K, used 2565K [0x0000000082600000, 0x0000000087a00000, 0x00000000d6200000)
  object space 86016K, 2% used [0x0000000082600000,0x0000000082881788,0x0000000087a00000)
 Metaspace       used 15751K, capacity 16072K, committed 16256K, reserved 1062912K
  class space    used 1835K, capacity 1914K, committed 1920K, reserved 1048576K
Event: 0.995 GC heap after
Heap after GC invocations=2 (full 0):
 PSYoungGen      total 37888K, used 5104K [0x00000000d6200000, 0x00000000d8c00000, 0x0000000100000000)
  eden space 32768K, 0% used [0x00000000d6200000,0x00000000d6200000,0x00000000d8200000)
  from space 5120K, 99% used [0x00000000d8700000,0x00000000d8bfc010,0x00000000d8c00000)
  to   space 5120K, 0% used [0x00000000d8200000,0x00000000d8200000,0x00000000d8700000)
 ParOldGen       total 86016K, used 7519K [0x0000000082600000, 0x0000000087a00000, 0x00000000d6200000)
  object space 86016K, 8% used [0x0000000082600000,0x0000000082d57ec0,0x0000000087a00000)
 Metaspace       used 15751K, capacity 16072K, committed 16256K, reserved 1062912K
  class space    used 1835K, capacity 1914K, committed 1920K, reserved 1048576K
}

Deoptimization events (10 events):
Event: 0.805 Thread 0x0000000003445000 Uncommon trap: reason=unstable_if action=reinterpret pc=0x0000000003724cf8 method=java.lang.String.<init>([CII)V @ 18
Event: 1.015 Thread 0x0000000003445000 Uncommon trap: reason=class_check action=maybe_recompile pc=0x00000000038a2080 method=java.util.Collections$UnmodifiableCollection.size()I @ 4
Event: 1.016 Thread 0x0000000003445000 Uncommon trap: reason=class_check action=maybe_recompile pc=0x00000000038a2080 method=java.util.Collections$UnmodifiableCollection.size()I @ 4
Event: 1.201 Thread 0x0000000003445000 Uncommon trap: reason=class_check action=maybe_recompile pc=0x00000000038a2080 method=java.util.Collections$UnmodifiableCollection.size()I @ 4
Event: 1.201 Thread 0x0000000003445000 Uncommon trap: reason=class_check action=maybe_recompile pc=0x000000000389f22c method=java.util.Collections$UnmodifiableList.get(I)Ljava/lang/Object; @ 5
Event: 1.201 Thread 0x0000000003445000 Uncommon trap: reason=class_check action=maybe_recompile pc=0x000000000389f22c method=java.util.Collections$UnmodifiableList.get(I)Ljava/lang/Object; @ 5
Event: 1.203 Thread 0x0000000003445000 Uncommon trap: reason=class_check action=maybe_recompile pc=0x00000000038a2080 method=java.util.Collections$UnmodifiableCollection.size()I @ 4
Event: 1.203 Thread 0x0000000003445000 Uncommon trap: reason=class_check action=maybe_recompile pc=0x000000000389f22c method=java.util.Collections$UnmodifiableList.get(I)Ljava/lang/Object; @ 5
Event: 1.203 Thread 0x0000000003445000 Uncommon trap: reason=class_check action=maybe_recompile pc=0x000000000389f22c method=java.util.Collections$UnmodifiableList.get(I)Ljava/lang/Object; @ 5
Event: 1.204 Thread 0x0000000003445000 Uncommon trap: reason=unstable_if action=reinterpret pc=0x00000000036f03c8 method=java.lang.String.startsWith(Ljava/lang/String;I)Z @ 25

Classes redefined (0 events):
No events

Internal exceptions (10 events):
Event: 0.287 Thread 0x0000000003445000 Exception <a 'java/security/PrivilegedActionException'> (0x00000000d7091000) thrown at [C:\src\AOSP-openjdk-git\hotspot\src\share\vm\prims\jvm.cpp, line 1502]
Event: 0.287 Thread 0x0000000003445000 Exception <a 'java/security/PrivilegedActionException'> (0x00000000d7092af0) thrown at [C:\src\AOSP-openjdk-git\hotspot\src\share\vm\prims\jvm.cpp, line 1502]
Event: 0.287 Thread 0x0000000003445000 Exception <a 'java/security/PrivilegedActionException'> (0x00000000d7092ee8) thrown at [C:\src\AOSP-openjdk-git\hotspot\src\share\vm\prims\jvm.cpp, line 1502]
Event: 0.386 Thread 0x0000000003445000 Implicit null exception at 0x00000000036bf85b to 0x00000000036bfa05
Event: 0.467 Thread 0x0000000003445000 Exception <a 'java/lang/ArrayIndexOutOfBoundsException'> (0x00000000d7daf4c8) thrown at [C:\src\AOSP-openjdk-git\hotspot\src\share\vm\runtime\sharedRuntime.cpp, line 605]
Event: 0.611 Thread 0x0000000003445000 Exception <a 'java/lang/ArrayIndexOutOfBoundsException'> (0x00000000d677dcb0) thrown at [C:\src\AOSP-openjdk-git\hotspot\src\share\vm\runtime\sharedRuntime.cpp, line 605]
Event: 1.015 Thread 0x0000000003445000 Exception <a 'java/lang/NoSuchMethodError': java.lang.Object.lambda$comparing$77a9974f$1(Ljava/util/function/Function;Ljava/lang/Object;Ljava/lang/Object;)I> (0x00000000d63b4198) thrown at [C:\src\AOSP-openjdk-git\hotspot\src\share\vm\interpreter\linkReso
Event: 1.030 Thread 0x0000000003445000 Exception <a 'java/lang/NoSuchMethodError': java.lang.Object.lambda$static$0()J> (0x00000000d64edff0) thrown at [C:\src\AOSP-openjdk-git\hotspot\src\share\vm\interpreter\linkResolver.cpp, line 620]
Event: 1.155 Thread 0x0000000003445000 Exception <a 'java/lang/NoSuchMethodError': java.lang.Object.lambda$static$0(I)[Lorg/jetbrains/kotlin/com/intellij/openapi/editor/event/DocumentListener;> (0x00000000d6c3e478) thrown at [C:\src\AOSP-openjdk-git\hotspot\src\share\vm\interpreter\linkResolve
Event: 1.189 Thread 0x0000000003445000 Exception <a 'java/lang/NoSuchMethodError': java.lang.Object.lambda$static$0(I)[Lorg/jetbrains/kotlin/com/intellij/psi/PsiAnnotation;> (0x00000000d6e5a3f0) thrown at [C:\src\AOSP-openjdk-git\hotspot\src\share\vm\interpreter\linkResolver.cpp, line 620]

Events (10 events):
Event: 1.209 loading class org/jetbrains/kotlin/com/intellij/util/containers/ConcurrentWeakKeySoftValueHashMap$HardKey
Event: 1.210 loading class org/jetbrains/kotlin/com/intellij/util/containers/ConcurrentWeakKeySoftValueHashMap$HardKey done
Event: 1.210 loading class org/jetbrains/kotlin/com/intellij/psi/controlFlow/ControlFlowFactory
Event: 1.210 loading class org/jetbrains/kotlin/com/intellij/psi/controlFlow/ControlFlowFactory done
Event: 1.210 loading class org/jetbrains/kotlin/cli/jvm/compiler/KotlinCliJavaFileManagerImpl
Event: 1.210 loading class org/jetbrains/kotlin/cli/jvm/compiler/KotlinCliJavaFileManagerImpl done
Event: 1.211 loading class org/jetbrains/kotlin/resolve/jvm/KotlinCliJavaFileManager
Event: 1.211 loading class org/jetbrains/kotlin/resolve/jvm/KotlinCliJavaFileManager done
Event: 1.211 loading class org/jetbrains/kotlin/com/intellij/core/CoreJavaFileManager
Event: 1.211 loading class org/jetbrains/kotlin/com/intellij/core/CoreJavaFileManager done


Dynamic libraries:
0x00007ff60a7b0000 - 0x00007ff60a7e1000 	C:\Program Files\Android\Android Studio\jre\jre\bin\java.exe
0x00007fff28190000 - 0x00007fff28385000 	C:\WINDOWS\SYSTEM32\ntdll.dll
0x00007fff26770000 - 0x00007fff2682d000 	C:\WINDOWS\System32\KERNEL32.DLL
0x00007fff25920000 - 0x00007fff25be9000 	C:\WINDOWS\System32\KERNELBASE.dll
0x00007fff26830000 - 0x00007fff268dc000 	C:\WINDOWS\System32\ADVAPI32.dll
0x00007fff27a20000 - 0x00007fff27abe000 	C:\WINDOWS\System32\msvcrt.dll
0x00007fff27c40000 - 0x00007fff27cdc000 	C:\WINDOWS\System32\sechost.dll
0x00007fff26a30000 - 0x00007fff26b5b000 	C:\WINDOWS\System32\RPCRT4.dll
0x00007fff27850000 - 0x00007fff279f0000 	C:\WINDOWS\System32\USER32.dll
0x00007fff25e40000 - 0x00007fff25e62000 	C:\WINDOWS\System32\win32u.dll
0x00007fff279f0000 - 0x00007fff27a1a000 	C:\WINDOWS\System32\GDI32.dll
0x00007fff25f20000 - 0x00007fff2602b000 	C:\WINDOWS\System32\gdi32full.dll
0x00007fff25c20000 - 0x00007fff25cbd000 	C:\WINDOWS\System32\msvcp_win.dll
0x00007fff25d40000 - 0x00007fff25e40000 	C:\WINDOWS\System32\ucrtbase.dll
0x00007fff0a730000 - 0x00007fff0a9ca000 	C:\WINDOWS\WinSxS\amd64_microsoft.windows.common-controls_6595b64144ccf1df_6.0.19041.844_none_ca00b6081b84eb1d\COMCTL32.dll
0x00007fff272e0000 - 0x00007fff27310000 	C:\WINDOWS\System32\IMM32.DLL
0x000000005b8f0000 - 0x000000005b9c2000 	C:\Program Files\Android\Android Studio\jre\jre\bin\msvcr100.dll
0x000000005b9d0000 - 0x000000005c21b000 	C:\Program Files\Android\Android Studio\jre\jre\bin\server\jvm.dll
0x00007fff26a20000 - 0x00007fff26a28000 	C:\WINDOWS\System32\PSAPI.DLL
0x00007fff02ab0000 - 0x00007fff02ab9000 	C:\WINDOWS\SYSTEM32\WSOCK32.dll
0x00007fff139a0000 - 0x00007fff139c7000 	C:\WINDOWS\SYSTEM32\WINMM.dll
0x00007fff19470000 - 0x00007fff1947a000 	C:\WINDOWS\SYSTEM32\VERSION.dll
0x00007fff274f0000 - 0x00007fff2755b000 	C:\WINDOWS\System32\WS2_32.dll
0x00007fff0e860000 - 0x00007fff0e86f000 	C:\Program Files\Android\Android Studio\jre\jre\bin\verify.dll
0x00007ffefe250000 - 0x00007ffefe279000 	C:\Program Files\Android\Android Studio\jre\jre\bin\java.dll
0x00007fff0e080000 - 0x00007fff0e096000 	C:\Program Files\Android\Android Studio\jre\jre\bin\zip.dll
0x00007fff26b80000 - 0x00007fff272c2000 	C:\WINDOWS\System32\SHELL32.dll
0x00007fff23930000 - 0x00007fff240c0000 	C:\WINDOWS\SYSTEM32\windows.storage.dll
0x00007fff261f0000 - 0x00007fff26545000 	C:\WINDOWS\System32\combase.dll
0x00007fff25340000 - 0x00007fff2536c000 	C:\WINDOWS\SYSTEM32\Wldp.dll
0x00007fff27430000 - 0x00007fff274de000 	C:\WINDOWS\System32\SHCORE.dll
0x00007fff269c0000 - 0x00007fff26a15000 	C:\WINDOWS\System32\shlwapi.dll
0x00007fff25810000 - 0x00007fff2582f000 	C:\WINDOWS\SYSTEM32\profapi.dll

VM Arguments:
java_command: org.jetbrains.kotlin.cli.jvm.K2JVMCompiler -Xallow-no-source-files -classpath C:\Users\Public\Documents\gabrielesacramento\jokenpo\app\build\intermediates\compile_and_runtime_not_namespaced_r_class_jar\debug\R.jar;C:\Users\gabys\.gradle\caches\transforms-2\files-2.1\27e7cf2d6429a8b0382bd950e4b81fb4\jetified-viewbinding-4.1.3-api.jar;C:\Users\gabys\.gradle\caches\transforms-2\files-2.1\673a359448f70876460d814332b636ad\jetified-core-ktx-1.2.0-api.jar;C:\Users\gabys\.gradle\caches\transforms-2\files-2.1\2d1eba51ed6ef74d71fb905e4ed301a7\material-1.1.0-api.jar;C:\Users\gabys\.gradle\caches\transforms-2\files-2.1\5b6a6a474d70ebf69dc768d3a4ed803b\appcompat-1.1.0-api.jar;C:\Users\gabys\.gradle\caches\transforms-2\files-2.1\8f963829c79eff4434800193c2bd038d\jetified-viewpager2-1.0.0-api.jar;C:\Users\gabys\.gradle\caches\transforms-2\files-2.1\74c67f36dec34b1f8d0882724df5d44e\fragment-1.1.0-api.jar;C:\Users\gabys\.gradle\caches\transforms-2\files-2.1\1ffcc330ee242ab0fa104ea3657fcc15\jetified-appcompat-resources-1.1.0-api.jar;C:\Users\gabys\.gradle\caches\transforms-2\files-2.1\dfe8ba742ff065333dcc1017c8462c4a\drawerlayout-1.0.0-api.jar;C:\Users\gabys\.gradle\caches\transforms-2\files-2.1\add46a35c1b31b0325459deed60f64c8\coordinatorlayout-1.1.0-api.jar;C:\Users\gabys\.gradle\caches\transforms-2\files-2.1\446f9a7603c64cd3335093d50b175db6\recyclerview-1.1.0-api.jar;C:\Users\gabys\.gradle\caches\transforms-2\files-2.1\60b057bfc519c0a10bcab44c67884ee4\transition-1.2.0-api.jar;C:\Users\gabys\.gradle\caches\transforms-2\files-2.1\765f0a6d2d0adf82e8ed90fc1a499ad5\vectordrawable-animated-1.1.0-api.jar;C:\Users\gabys\.gradle\caches\transforms-2\files-2.1\a988f2057d18770308135f5fa50f73fe\vectordrawable-1.1.0-api.jar;C:\Users\gabys\.gradle\caches\transforms-2\files-2.1\d4e19991bc33705b248398e194af32ed\viewpager-1.0.0-api.jar;C:\Users\gabys\.gradle\caches\transforms-2\files-2.1\ca9a79ee5ecdaf5e7f3e6f16ecfd46f3\loader-1.0.0-api.jar;C:\Users\gabys\.gradle\caches\transforms-2\
java_class_path (initial): C:\Users\gabys\.gradle\caches\modules-2\files-2.1\org.jetbrains.kotlin\kotlin-compiler-embeddable\1.3.72\fb72232c8fa977d5e07d33c43381ddbdc5edab6\kotlin-compiler-embeddable-1.3.72.jar;C:\Users\gabys\.gradle\caches\modules-2\files-2.1\org.jetbrains.kotlin\kotlin-reflect\1.3.72\86613e1a669a701b0c660bfd2af4f82a7ae11fca\kotlin-reflect-1.3.72.jar;C:\Users\gabys\.gradle\caches\modules-2\files-2.1\org.jetbrains.kotlin\kotlin-stdlib\1.3.72\8032138f12c0180bc4e51fe139d4c52b46db6109\kotlin-stdlib-1.3.72.jar;C:\Users\gabys\.gradle\caches\modules-2\files-2.1\org.jetbrains.kotlin\kotlin-script-runtime\1.3.72\657d8d34d91e1964b4439378c09933e840bfe8d5\kotlin-script-runtime-1.3.72.jar;C:\Users\gabys\.gradle\caches\modules-2\files-2.1\org.jetbrains.kotlin\kotlin-daemon-embeddable\1.3.72\53bbaa2816dbf6bdb85f629451b1fcc88f2164d2\kotlin-daemon-embeddable-1.3.72.jar;C:\Users\gabys\.gradle\caches\modules-2\files-2.1\org.jetbrains.intellij.deps\trove4j\1.0.20181211\216c2e14b070f334479d800987affe4054cd563f\trove4j-1.0.20181211.jar;C:\Users\gabys\.gradle\caches\modules-2\files-2.1\org.jetbrains.kotlin\kotlin-stdlib-common\1.3.72\6ca8bee3d88957eaaaef077c41c908c9940492d8\kotlin-stdlib-common-1.3.72.jar;C:\Users\gabys\.gradle\caches\modules-2\files-2.1\org.jetbrains\annotations\13.0\919f0dfe192fb4e063e7dacadee7f8bb9a2672a9\annotations-13.0.jar;C:\Program Files\Android\Android Studio\jre\lib\tools.jar
Launcher Type: SUN_STANDARD

Environment Variables:
PATH=C:\Windows\system32;C:\Windows;C:\Windows\System32\Wbem;C:\Windows\System32\WindowsPowerShell\v1.0\;C:\Windows\System32\OpenSSH\;C:\Program Files (x86)\NVIDIA Corporation\PhysX\Common;C:\Program Files\NVIDIA Corporation\NVIDIA NvDLISR;C:\Program Files\Common Files\Autodesk Shared\;C:\Program Files\Microsoft SQL Server\120\Tools\Binn\;%SystemRoot%\system32;%SystemRoot%;%SystemRoot%\System32\Wbem;%SYSTEMROOT%\System32\WindowsPowerShell\v1.0\;%SYSTEMROOT%\System32\OpenSSH\;C:\Users\gabys\AppData\Local\Microsoft\WindowsApps;
USERNAME=gabys
OS=Windows_NT
PROCESSOR_IDENTIFIER=Intel64 Family 6 Model 158 Stepping 10, GenuineIntel



---------------  S Y S T E M  ---------------

OS: Windows 10.0 , 64 bit Build 19041 (10.0.19041.804)

CPU:total 8 (initial active 8) (4 cores per cpu, 2 threads per core) family 6 model 158 stepping 10, cmov, cx8, fxsr, mmx, sse, sse2, sse3, ssse3, sse4.1, sse4.2, popcnt, avx, avx2, aes, clmul, erms, 3dnowpref, lzcnt, ht, tsc, tscinvbit, bmi1, bmi2, adx

Memory: 4k page, physical 8229736k(873712k free), swap 12325736k(4304k free)

vm_info: OpenJDK 64-Bit Server VM (25.242-b01) for windows-amd64 JRE (1.8.0_242-release-1644-b01), built by "builder" with MS VC++ 10.0 (VS2010)

time: Fri Mar 26 17:50:49 2021
timezone: Hora Padrão da Bahia
elapsed time: 1 seconds (0d 0h 0m 1s)

