#
# There is insufficient memory for the Java Runtime Environment to continue.
# Native memory allocation (malloc) failed to allocate 1082496 bytes for Chunk::new
# Possible reasons:
#   The system is out of physical RAM or swap space
#   The process is running with CompressedOops enabled, and the Java Heap may be blocking the growth of the native heap
# Possible solutions:
#   Reduce memory load on the system
#   Increase physical memory or swap space
#   Check if swap backing store is full
#   Decrease Java heap size (-Xmx/-Xms)
#   Decrease number of Java threads
#   Decrease Java thread stack sizes (-Xss)
#   Set larger code cache with -XX:ReservedCodeCacheSize=
#   JVM is running with Unscaled Compressed Oops mode in which the Java heap is
#     placed in the first 4GB address space. The Java Heap base address is the
#     maximum limit for the native heap growth. Please use -XX:HeapBaseMinAddress
#     to set the Java Heap base and to place the Java Heap above 4GB virtual address.
# This output file may be truncated or incomplete.
#
#  Out of Memory Error (allocation.cpp:389), pid=23724, tid=0x0000000000006e88
#
# JRE version: OpenJDK Runtime Environment (8.0_242-b01) (build 1.8.0_242-release-1644-b01)
# Java VM: OpenJDK 64-Bit Server VM (25.242-b01 mixed mode windows-amd64 compressed oops)
# Failed to write core dump. Minidumps are not enabled by default on client versions of Windows
#

---------------  T H R E A D  ---------------

Current thread (0x0000000019487000):  JavaThread "C2 CompilerThread1" daemon [_thread_in_native, id=28296, stack(0x0000000019e60000,0x0000000019f60000)]

Stack: [0x0000000019e60000,0x0000000019f60000]
[error occurred during error reporting (printing stack bounds), id 0xc0000005]

Native frames: (J=compiled Java code, j=interpreted, Vv=VM code, C=native code)


Current CompileTask:
C2:   1120 1714       4       java.net.URLClassLoader$1::run (5 bytes)


---------------  P R O C E S S  ---------------

Java Threads: ( => current thread )
  0x0000000019520800 JavaThread "Service Thread" daemon [_thread_blocked, id=5844, stack(0x000000001a160000,0x000000001a260000)]
  0x0000000019497800 JavaThread "C1 CompilerThread3" daemon [_thread_blocked, id=21576, stack(0x000000001a060000,0x000000001a160000)]
  0x000000001948f000 JavaThread "C2 CompilerThread2" daemon [_thread_in_native, id=23244, stack(0x0000000019f60000,0x000000001a060000)]
=>0x0000000019487000 JavaThread "C2 CompilerThread1" daemon [_thread_in_native, id=28296, stack(0x0000000019e60000,0x0000000019f60000)]
  0x0000000019483800 JavaThread "C2 CompilerThread0" daemon [_thread_in_native, id=28100, stack(0x0000000019d60000,0x0000000019e60000)]
  0x0000000019482000 JavaThread "Attach Listener" daemon [_thread_blocked, id=29056, stack(0x0000000019c60000,0x0000000019d60000)]
  0x0000000019481000 JavaThread "Signal Dispatcher" daemon [_thread_blocked, id=13788, stack(0x0000000019b60000,0x0000000019c60000)]
  0x0000000019471000 JavaThread "Finalizer" daemon [_thread_blocked, id=10284, stack(0x0000000019950000,0x0000000019a50000)]
  0x0000000019470800 JavaThread "Reference Handler" daemon [_thread_blocked, id=6892, stack(0x0000000019850000,0x0000000019950000)]
  0x0000000002664000 JavaThread "main" [_thread_in_vm, id=9964, stack(0x0000000002510000,0x0000000002610000)]

Other Threads:
  0x0000000017656800 VMThread [stack: 0x0000000019350000,0x0000000019450000] [id=28756]
  0x0000000019521800 WatcherThread [stack: 0x000000001a260000,0x000000001a360000] [id=584]

VM state:not at safepoint (normal execution)

VM Mutex/Monitor currently owned by a thread: None

heap address: 0x0000000082600000, size: 2010 MB, Compressed Oops mode: 32-bit
Narrow klass base: 0x0000000000000000, Narrow klass shift: 3
Compressed class space size: 1073741824 Address: 0x0000000100000000

Heap:
 PSYoungGen      total 37888K, used 21835K [0x00000000d6200000, 0x00000000dac00000, 0x0000000100000000)
  eden space 32768K, 66% used [0x00000000d6200000,0x00000000d7752d28,0x00000000d8200000)
  from space 5120K, 0% used [0x00000000d8200000,0x00000000d8200000,0x00000000d8700000)
  to   space 5120K, 0% used [0x00000000da700000,0x00000000da700000,0x00000000dac00000)
 ParOldGen       total 67072K, used 9192K [0x0000000082600000, 0x0000000086780000, 0x00000000d6200000)
  object space 67072K, 13% used [0x0000000082600000,0x0000000082efa0e0,0x0000000086780000)
 Metaspace       used 21957K, capacity 22436K, committed 22704K, reserved 1069056K
  class space    used 2642K, capacity 2788K, committed 2816K, reserved 1048576K

Card table byte_map: [0x0000000011b20000,0x0000000011f10000] byte_map_base: 0x000000001170d000

Marking Bits: (ParMarkBitMap*) 0x000000006122f030
 Begin Bits: [0x00000000129b0000, 0x0000000014918000)
 End Bits:   [0x0000000014918000, 0x0000000016880000)

Polling page: 0x0000000000c80000

CodeCache: size=245760Kb used=5156Kb max_used=5156Kb free=240603Kb
 bounds [0x0000000002760000, 0x0000000002c70000, 0x0000000011760000]
 total_blobs=2127 nmethods=1715 adapters=325
 compilation: enabled

Compilation events (10 events):
Event: 1.068 Thread 0x0000000019497800 nmethod 1712 0x0000000002c5f990 code [0x0000000002c5fae0, 0x0000000002c5fbd0]
Event: 1.070 Thread 0x0000000019487000 1714       4       java.net.URLClassLoader$1::run (5 bytes)
Event: 1.076 Thread 0x0000000019497800 1716       1       org.jetbrains.kotlin.com.intellij.psi.tree.IElementType::getIndex (5 bytes)
Event: 1.076 Thread 0x0000000019497800 nmethod 1716 0x0000000002c5f6d0 code [0x0000000002c5f820, 0x0000000002c5f930]
Event: 1.105 Thread 0x0000000019497800 1718       3       kotlin.Pair::<init> (15 bytes)
Event: 1.105 Thread 0x0000000019497800 nmethod 1718 0x0000000002c6cc10 code [0x0000000002c6cd60, 0x0000000002c6cf30]
Event: 1.105 Thread 0x0000000019497800 1719       3       kotlin.collections.MapsKt__MapsJVMKt::mapCapacity (40 bytes)
Event: 1.105 Thread 0x0000000019497800 nmethod 1719 0x0000000002c6cfd0 code [0x0000000002c6d160, 0x0000000002c6d3f0]
Event: 1.106 Thread 0x0000000019497800 1720       3       java.lang.Package::<init> (56 bytes)
Event: 1.106 Thread 0x0000000019497800 nmethod 1720 0x0000000002c6d490 code [0x0000000002c6d5e0, 0x0000000002c6d850]

GC Heap History (8 events):
Event: 0.438 GC heap before
{Heap before GC invocations=1 (full 0):
 PSYoungGen      total 37888K, used 32768K [0x00000000d6200000, 0x00000000d8c00000, 0x0000000100000000)
  eden space 32768K, 100% used [0x00000000d6200000,0x00000000d8200000,0x00000000d8200000)
  from space 5120K, 0% used [0x00000000d8700000,0x00000000d8700000,0x00000000d8c00000)
  to   space 5120K, 0% used [0x00000000d8200000,0x00000000d8200000,0x00000000d8700000)
 ParOldGen       total 86016K, used 0K [0x0000000082600000, 0x0000000087a00000, 0x00000000d6200000)
  object space 86016K, 0% used [0x0000000082600000,0x0000000082600000,0x0000000087a00000)
 Metaspace       used 10029K, capacity 10204K, committed 10368K, reserved 1058816K
  class space    used 1096K, capacity 1148K, committed 1152K, reserved 1048576K
Event: 0.443 GC heap after
Heap after GC invocations=1 (full 0):
 PSYoungGen      total 37888K, used 5099K [0x00000000d6200000, 0x00000000d8c00000, 0x0000000100000000)
  eden space 32768K, 0% used [0x00000000d6200000,0x00000000d6200000,0x00000000d8200000)
  from space 5120K, 99% used [0x00000000d8200000,0x00000000d86facc8,0x00000000d8700000)
  to   space 5120K, 0% used [0x00000000d8700000,0x00000000d8700000,0x00000000d8c00000)
 ParOldGen       total 86016K, used 2524K [0x0000000082600000, 0x0000000087a00000, 0x00000000d6200000)
  object space 86016K, 2% used [0x0000000082600000,0x0000000082877348,0x0000000087a00000)
 Metaspace       used 10029K, capacity 10204K, committed 10368K, reserved 1058816K
  class space    used 1096K, capacity 1148K, committed 1152K, reserved 1048576K
}
Event: 0.737 GC heap before
{Heap before GC invocations=2 (full 0):
 PSYoungGen      total 37888K, used 37867K [0x00000000d6200000, 0x00000000d8c00000, 0x0000000100000000)
  eden space 32768K, 100% used [0x00000000d6200000,0x00000000d8200000,0x00000000d8200000)
  from space 5120K, 99% used [0x00000000d8200000,0x00000000d86facc8,0x00000000d8700000)
  to   space 5120K, 0% used [0x00000000d8700000,0x00000000d8700000,0x00000000d8c00000)
 ParOldGen       total 86016K, used 2524K [0x0000000082600000, 0x0000000087a00000, 0x00000000d6200000)
  object space 86016K, 2% used [0x0000000082600000,0x0000000082877348,0x0000000087a00000)
 Metaspace       used 15688K, capacity 15954K, committed 16128K, reserved 1062912K
  class space    used 1835K, capacity 1939K, committed 2048K, reserved 1048576K
Event: 0.742 GC heap after
Heap after GC invocations=2 (full 0):
 PSYoungGen      total 37888K, used 5088K [0x00000000d6200000, 0x00000000dac00000, 0x0000000100000000)
  eden space 32768K, 0% used [0x00000000d6200000,0x00000000d6200000,0x00000000d8200000)
  from space 5120K, 99% used [0x00000000d8700000,0x00000000d8bf8020,0x00000000d8c00000)
  to   space 5120K, 0% used [0x00000000d8200000,0x00000000d8200000,0x00000000d8700000)
 ParOldGen       total 86016K, used 7527K [0x0000000082600000, 0x0000000087a00000, 0x00000000d6200000)
  object space 86016K, 8% used [0x0000000082600000,0x0000000082d59f20,0x0000000087a00000)
 Metaspace       used 15688K, capacity 15954K, committed 16128K, reserved 1062912K
  class space    used 1835K, capacity 1939K, committed 2048K, reserved 1048576K
}
Event: 0.942 GC heap before
{Heap before GC invocations=3 (full 0):
 PSYoungGen      total 37888K, used 24872K [0x00000000d6200000, 0x00000000dac00000, 0x0000000100000000)
  eden space 32768K, 60% used [0x00000000d6200000,0x00000000d7552180,0x00000000d8200000)
  from space 5120K, 99% used [0x00000000d8700000,0x00000000d8bf8020,0x00000000d8c00000)
  to   space 5120K, 0% used [0x00000000d8200000,0x00000000d8200000,0x00000000d8700000)
 ParOldGen       total 86016K, used 7527K [0x0000000082600000, 0x0000000087a00000, 0x00000000d6200000)
  object space 86016K, 8% used [0x0000000082600000,0x0000000082d59f20,0x0000000087a00000)
 Metaspace       used 20769K, capacity 21164K, committed 21296K, reserved 1069056K
  class space    used 2485K, capacity 2626K, committed 2688K, reserved 1048576K
Event: 0.946 GC heap after
Heap after GC invocations=3 (full 0):
 PSYoungGen      total 37888K, used 5092K [0x00000000d6200000, 0x00000000dac00000, 0x0000000100000000)
  eden space 32768K, 0% used [0x00000000d6200000,0x00000000d6200000,0x00000000d8200000)
  from space 5120K, 99% used [0x00000000d8200000,0x00000000d86f9030,0x00000000d8700000)
  to   space 5120K, 0% used [0x00000000da700000,0x00000000da700000,0x00000000dac00000)
 ParOldGen       total 86016K, used 11814K [0x0000000082600000, 0x0000000087a00000, 0x00000000d6200000)
  object space 86016K, 13% used [0x0000000082600000,0x0000000083189860,0x0000000087a00000)
 Metaspace       used 20769K, capacity 21164K, committed 21296K, reserved 1069056K
  class space    used 2485K, capacity 2626K, committed 2688K, reserved 1048576K
}
Event: 0.946 GC heap before
{Heap before GC invocations=4 (full 1):
 PSYoungGen      total 37888K, used 5092K [0x00000000d6200000, 0x00000000dac00000, 0x0000000100000000)
  eden space 32768K, 0% used [0x00000000d6200000,0x00000000d6200000,0x00000000d8200000)
  from space 5120K, 99% used [0x00000000d8200000,0x00000000d86f9030,0x00000000d8700000)
  to   space 5120K, 0% used [0x00000000da700000,0x00000000da700000,0x00000000dac00000)
 ParOldGen       total 86016K, used 11814K [0x0000000082600000, 0x0000000087a00000, 0x00000000d6200000)
  object space 86016K, 13% used [0x0000000082600000,0x0000000083189860,0x0000000087a00000)
 Metaspace       used 20769K, capacity 21164K, committed 21296K, reserved 1069056K
  class space    used 2485K, capacity 2626K, committed 2688K, reserved 1048576K
Event: 0.969 GC heap after
Heap after GC invocations=4 (full 1):
 PSYoungGen      total 37888K, used 0K [0x00000000d6200000, 0x00000000dac00000, 0x0000000100000000)
  eden space 32768K, 0% used [0x00000000d6200000,0x00000000d6200000,0x00000000d8200000)
  from space 5120K, 0% used [0x00000000d8200000,0x00000000d8200000,0x00000000d8700000)
  to   space 5120K, 0% used [0x00000000da700000,0x00000000da700000,0x00000000dac00000)
 ParOldGen       total 67072K, used 9192K [0x0000000082600000, 0x0000000086780000, 0x00000000d6200000)
  object space 67072K, 13% used [0x0000000082600000,0x0000000082efa0e0,0x0000000086780000)
 Metaspace       used 20769K, capacity 21164K, committed 21296K, reserved 1069056K
  class space    used 2485K, capacity 2626K, committed 2688K, reserved 1048576K
}

Deoptimization events (10 events):
Event: 0.869 Thread 0x0000000002664000 Uncommon trap: reason=class_check action=maybe_recompile pc=0x0000000002ac026c method=java.util.Collections$UnmodifiableList.get(I)Ljava/lang/Object; @ 5
Event: 0.869 Thread 0x0000000002664000 Uncommon trap: reason=class_check action=maybe_recompile pc=0x0000000002ac026c method=java.util.Collections$UnmodifiableList.get(I)Ljava/lang/Object; @ 5
Event: 0.870 Thread 0x0000000002664000 Uncommon trap: reason=unstable_if action=reinterpret pc=0x0000000002914288 method=java.lang.String.startsWith(Ljava/lang/String;I)Z @ 25
Event: 1.004 Thread 0x0000000002664000 Uncommon trap: reason=unstable_if action=reinterpret pc=0x0000000002ada824 method=java.lang.String.<init>([CII)V @ 18
Event: 1.089 Thread 0x0000000002664000 Uncommon trap: reason=class_check action=maybe_recompile pc=0x0000000002c4e6a0 method=gnu.trove.TObjectHash.computeHashCode(Ljava/lang/Object;)I @ 5
Event: 1.092 Thread 0x0000000002664000 Uncommon trap: reason=class_check action=maybe_recompile pc=0x0000000002c4e6a0 method=gnu.trove.TObjectHash.computeHashCode(Ljava/lang/Object;)I @ 5
Event: 1.094 Thread 0x0000000002664000 Uncommon trap: reason=class_check action=maybe_recompile pc=0x0000000002c4e6a0 method=gnu.trove.TObjectHash.computeHashCode(Ljava/lang/Object;)I @ 5
Event: 1.094 Thread 0x0000000002664000 Uncommon trap: reason=class_check action=maybe_recompile pc=0x0000000002c4e6a0 method=gnu.trove.TObjectHash.computeHashCode(Ljava/lang/Object;)I @ 5
Event: 1.094 Thread 0x0000000002664000 Uncommon trap: reason=class_check action=maybe_recompile pc=0x0000000002c52048 method=gnu.trove.TObjectHash.equals(Ljava/lang/Object;Ljava/lang/Object;)Z @ 6
Event: 1.094 Thread 0x0000000002664000 Uncommon trap: reason=class_check action=maybe_recompile pc=0x0000000002c52048 method=gnu.trove.TObjectHash.equals(Ljava/lang/Object;Ljava/lang/Object;)Z @ 6

Classes redefined (0 events):
No events

Internal exceptions (10 events):
Event: 0.271 Thread 0x0000000002664000 Exception <a 'java/security/PrivilegedActionException'> (0x00000000d708f1e0) thrown at [C:\src\AOSP-openjdk-git\hotspot\src\share\vm\prims\jvm.cpp, line 1502]
Event: 0.271 Thread 0x0000000002664000 Exception <a 'java/security/PrivilegedActionException'> (0x00000000d7090cd0) thrown at [C:\src\AOSP-openjdk-git\hotspot\src\share\vm\prims\jvm.cpp, line 1502]
Event: 0.271 Thread 0x0000000002664000 Exception <a 'java/security/PrivilegedActionException'> (0x00000000d70910c8) thrown at [C:\src\AOSP-openjdk-git\hotspot\src\share\vm\prims\jvm.cpp, line 1502]
Event: 0.399 Thread 0x0000000002664000 Exception <a 'java/lang/ArrayIndexOutOfBoundsException'> (0x00000000d7dac930) thrown at [C:\src\AOSP-openjdk-git\hotspot\src\share\vm\runtime\sharedRuntime.cpp, line 605]
Event: 0.498 Thread 0x0000000002664000 Exception <a 'java/lang/ArrayIndexOutOfBoundsException'> (0x00000000d677a980) thrown at [C:\src\AOSP-openjdk-git\hotspot\src\share\vm\runtime\sharedRuntime.cpp, line 605]
Event: 0.748 Thread 0x0000000002664000 Exception <a 'java/lang/NoSuchMethodError': java.lang.Object.lambda$comparing$77a9974f$1(Ljava/util/function/Function;Ljava/lang/Object;Ljava/lang/Object;)I> (0x00000000d6275058) thrown at [C:\src\AOSP-openjdk-git\hotspot\src\share\vm\interpreter\linkReso
Event: 0.757 Thread 0x0000000002664000 Exception <a 'java/lang/NoSuchMethodError': java.lang.Object.lambda$static$0()J> (0x00000000d641c208) thrown at [C:\src\AOSP-openjdk-git\hotspot\src\share\vm\interpreter\linkResolver.cpp, line 620]
Event: 0.843 Thread 0x0000000002664000 Exception <a 'java/lang/NoSuchMethodError': java.lang.Object.lambda$static$0(I)[Lorg/jetbrains/kotlin/com/intellij/openapi/editor/event/DocumentListener;> (0x00000000d6b6d450) thrown at [C:\src\AOSP-openjdk-git\hotspot\src\share\vm\interpreter\linkResolve
Event: 0.861 Thread 0x0000000002664000 Exception <a 'java/lang/NoSuchMethodError': java.lang.Object.lambda$static$0(I)[Lorg/jetbrains/kotlin/com/intellij/psi/PsiAnnotation;> (0x00000000d6dc0908) thrown at [C:\src\AOSP-openjdk-git\hotspot\src\share\vm\interpreter\linkResolver.cpp, line 620]
Event: 0.902 Thread 0x0000000002664000 Exception <a 'java/lang/NoSuchMethodError': java.lang.Object.lambda$static$0(I)[Lorg/jetbrains/kotlin/com/intellij/psi/PsiElement;> (0x00000000d7219838) thrown at [C:\src\AOSP-openjdk-git\hotspot\src\share\vm\interpreter\linkResolver.cpp, line 620]

Events (10 events):
Event: 1.119 loading class org/jetbrains/kotlin/descriptors/impl/ModuleDescriptorImpl$packages$1
Event: 1.119 loading class org/jetbrains/kotlin/descriptors/impl/ModuleDescriptorImpl$packages$1 done
Event: 1.119 loading class org/jetbrains/kotlin/descriptors/impl/ModuleDescriptorImpl$packageFragmentProviderForWholeModuleWithDependencies$2
Event: 1.119 loading class org/jetbrains/kotlin/descriptors/impl/ModuleDescriptorImpl$packageFragmentProviderForWholeModuleWithDependencies$2 done
Event: 1.119 loading class org/jetbrains/kotlin/context/MutableModuleContextImpl
Event: 1.119 loading class org/jetbrains/kotlin/context/MutableModuleContextImpl done
Event: 1.119 loading class org/jetbrains/kotlin/context/MutableModuleContext
Event: 1.119 loading class org/jetbrains/kotlin/context/MutableModuleContext done
Event: 1.119 loading class org/jetbrains/kotlin/context/ModuleContext
Event: 1.119 loading class org/jetbrains/kotlin/context/ModuleContext done


Dynamic libraries:
0x00007ff6d2a20000 - 0x00007ff6d2a51000 	C:\Program Files\Android\Android Studio\jre\jre\bin\java.exe
0x00007ff9f7930000 - 0x00007ff9f7b25000 	C:\WINDOWS\SYSTEM32\ntdll.dll
0x00007ff9f73c0000 - 0x00007ff9f747d000 	C:\WINDOWS\System32\KERNEL32.DLL
0x00007ff9f5480000 - 0x00007ff9f5749000 	C:\WINDOWS\System32\KERNELBASE.dll
0x00007ff9f6110000 - 0x00007ff9f61bc000 	C:\WINDOWS\System32\ADVAPI32.dll
0x00007ff9f7320000 - 0x00007ff9f73be000 	C:\WINDOWS\System32\msvcrt.dll
0x00007ff9f6300000 - 0x00007ff9f639c000 	C:\WINDOWS\System32\sechost.dll
0x00007ff9f5fb0000 - 0x00007ff9f60db000 	C:\WINDOWS\System32\RPCRT4.dll
0x00007ff9f65f0000 - 0x00007ff9f6790000 	C:\WINDOWS\System32\USER32.dll
0x00007ff9f51c0000 - 0x00007ff9f51e2000 	C:\WINDOWS\System32\win32u.dll
0x00007ff9f60e0000 - 0x00007ff9f610a000 	C:\WINDOWS\System32\GDI32.dll
0x00007ff9f52f0000 - 0x00007ff9f53fb000 	C:\WINDOWS\System32\gdi32full.dll
0x00007ff9f51f0000 - 0x00007ff9f528d000 	C:\WINDOWS\System32\msvcp_win.dll
0x00007ff9f50c0000 - 0x00007ff9f51c0000 	C:\WINDOWS\System32\ucrtbase.dll
0x00007ff9d9640000 - 0x00007ff9d98da000 	C:\WINDOWS\WinSxS\amd64_microsoft.windows.common-controls_6595b64144ccf1df_6.0.19041.844_none_ca00b6081b84eb1d\COMCTL32.dll
0x00007ff9f7010000 - 0x00007ff9f7040000 	C:\WINDOWS\System32\IMM32.DLL
0x0000000060030000 - 0x0000000060102000 	C:\Program Files\Android\Android Studio\jre\jre\bin\msvcr100.dll
0x0000000060a60000 - 0x00000000612ab000 	C:\Program Files\Android\Android Studio\jre\jre\bin\server\jvm.dll
0x00007ff9f5ab0000 - 0x00007ff9f5ab8000 	C:\WINDOWS\System32\PSAPI.DLL
0x00007ff9dd070000 - 0x00007ff9dd097000 	C:\WINDOWS\SYSTEM32\WINMM.dll
0x00007ff9deab0000 - 0x00007ff9deab9000 	C:\WINDOWS\SYSTEM32\WSOCK32.dll
0x00007ff9e8f40000 - 0x00007ff9e8f4a000 	C:\WINDOWS\SYSTEM32\VERSION.dll
0x00007ff9f63a0000 - 0x00007ff9f640b000 	C:\WINDOWS\System32\WS2_32.dll
0x00007ff9eb830000 - 0x00007ff9eb83f000 	C:\Program Files\Android\Android Studio\jre\jre\bin\verify.dll
0x00007ff9eae60000 - 0x00007ff9eae89000 	C:\Program Files\Android\Android Studio\jre\jre\bin\java.dll
0x00007ff9eaec0000 - 0x00007ff9eaed6000 	C:\Program Files\Android\Android Studio\jre\jre\bin\zip.dll
0x00007ff9f6790000 - 0x00007ff9f6ed2000 	C:\WINDOWS\System32\SHELL32.dll
0x00007ff9f31b0000 - 0x00007ff9f3940000 	C:\WINDOWS\SYSTEM32\windows.storage.dll
0x00007ff9f5ac0000 - 0x00007ff9f5e15000 	C:\WINDOWS\System32\combase.dll
0x00007ff9f4ae0000 - 0x00007ff9f4b0c000 	C:\WINDOWS\SYSTEM32\Wldp.dll
0x00007ff9f71f0000 - 0x00007ff9f729e000 	C:\WINDOWS\System32\SHCORE.dll
0x00007ff9f61d0000 - 0x00007ff9f6225000 	C:\WINDOWS\System32\shlwapi.dll
0x00007ff9f4fb0000 - 0x00007ff9f4fcf000 	C:\WINDOWS\SYSTEM32\profapi.dll
0x00007ff9e9780000 - 0x00007ff9e979a000 	C:\Program Files\Android\Android Studio\jre\jre\bin\net.dll
0x00007ff9f4860000 - 0x00007ff9f48ca000 	C:\WINDOWS\system32\mswsock.dll
0x00007ff9e9690000 - 0x00007ff9e96a3000 	C:\Program Files\Android\Android Studio\jre\jre\bin\nio.dll

VM Arguments:
java_command: org.jetbrains.kotlin.cli.jvm.K2JVMCompiler -Xallow-no-source-files -classpath C:\Users\Public\Documents\gabrielesacramento\jokenpo\app\build\intermediates\compile_and_runtime_not_namespaced_r_class_jar\debug\R.jar;C:\Users\gabys\.gradle\caches\transforms-2\files-2.1\673a359448f70876460d814332b636ad\jetified-core-ktx-1.2.0-api.jar;C:\Users\gabys\.gradle\caches\transforms-2\files-2.1\096a5f06a8af0196169a6b345758e8ea\jetified-kotlin-stdlib-1.3.72.jar;C:\Users\gabys\.gradle\caches\transforms-2\files-2.1\26280b2c42aaa80a572d007002478038\jetified-kotlin-stdlib-common-1.3.72.jar;C:\Users\gabys\.gradle\caches\transforms-2\files-2.1\749a935869b74128cc05c55e7ecad714\jetified-annotations-13.0.jar;C:\Users\gabys\.gradle\caches\transforms-2\files-2.1\2d1eba51ed6ef74d71fb905e4ed301a7\material-1.1.0-api.jar;C:\Users\gabys\.gradle\caches\transforms-2\files-2.1\5b6a6a474d70ebf69dc768d3a4ed803b\appcompat-1.1.0-api.jar;C:\Users\gabys\.gradle\caches\transforms-2\files-2.1\8f963829c79eff4434800193c2bd038d\jetified-viewpager2-1.0.0-api.jar;C:\Users\gabys\.gradle\caches\transforms-2\files-2.1\74c67f36dec34b1f8d0882724df5d44e\fragment-1.1.0-api.jar;C:\Users\gabys\.gradle\caches\transforms-2\files-2.1\1ffcc330ee242ab0fa104ea3657fcc15\jetified-appcompat-resources-1.1.0-api.jar;C:\Users\gabys\.gradle\caches\transforms-2\files-2.1\dfe8ba742ff065333dcc1017c8462c4a\drawerlayout-1.0.0-api.jar;C:\Users\gabys\.gradle\caches\transforms-2\files-2.1\add46a35c1b31b0325459deed60f64c8\coordinatorlayout-1.1.0-api.jar;C:\Users\gabys\.gradle\caches\transforms-2\files-2.1\446f9a7603c64cd3335093d50b175db6\recyclerview-1.1.0-api.jar;C:\Users\gabys\.gradle\caches\transforms-2\files-2.1\60b057bfc519c0a10bcab44c67884ee4\transition-1.2.0-api.jar;C:\Users\gabys\.gradle\caches\transforms-2\files-2.1\765f0a6d2d0adf82e8ed90fc1a499ad5\vectordrawable-animated-1.1.0-api.jar;C:\Users\gabys\.gradle\caches\transforms-2\files-2.1\a988f2057d18770308135f5fa50f73fe\vectordrawable-1.1.0-api.jar;C:\Users\gabys\.gr
java_class_path (initial): C:\Users\gabys\.gradle\caches\modules-2\files-2.1\org.jetbrains.kotlin\kotlin-compiler-embeddable\1.3.72\fb72232c8fa977d5e07d33c43381ddbdc5edab6\kotlin-compiler-embeddable-1.3.72.jar;C:\Users\gabys\.gradle\caches\modules-2\files-2.1\org.jetbrains.kotlin\kotlin-reflect\1.3.72\86613e1a669a701b0c660bfd2af4f82a7ae11fca\kotlin-reflect-1.3.72.jar;C:\Users\gabys\.gradle\caches\modules-2\files-2.1\org.jetbrains.kotlin\kotlin-stdlib\1.3.72\8032138f12c0180bc4e51fe139d4c52b46db6109\kotlin-stdlib-1.3.72.jar;C:\Users\gabys\.gradle\caches\modules-2\files-2.1\org.jetbrains.kotlin\kotlin-script-runtime\1.3.72\657d8d34d91e1964b4439378c09933e840bfe8d5\kotlin-script-runtime-1.3.72.jar;C:\Users\gabys\.gradle\caches\modules-2\files-2.1\org.jetbrains.kotlin\kotlin-daemon-embeddable\1.3.72\53bbaa2816dbf6bdb85f629451b1fcc88f2164d2\kotlin-daemon-embeddable-1.3.72.jar;C:\Users\gabys\.gradle\caches\modules-2\files-2.1\org.jetbrains.intellij.deps\trove4j\1.0.20181211\216c2e14b070f334479d800987affe4054cd563f\trove4j-1.0.20181211.jar;C:\Users\gabys\.gradle\caches\modules-2\files-2.1\org.jetbrains.kotlin\kotlin-stdlib-common\1.3.72\6ca8bee3d88957eaaaef077c41c908c9940492d8\kotlin-stdlib-common-1.3.72.jar;C:\Users\gabys\.gradle\caches\modules-2\files-2.1\org.jetbrains\annotations\13.0\919f0dfe192fb4e063e7dacadee7f8bb9a2672a9\annotations-13.0.jar;C:\Program Files\Android\Android Studio\jre\lib\tools.jar
Launcher Type: SUN_STANDARD

Environment Variables:
PATH=C:\Windows\system32;C:\Windows;C:\Windows\System32\Wbem;C:\Windows\System32\WindowsPowerShell\v1.0\;C:\Windows\System32\OpenSSH\;C:\Program Files (x86)\NVIDIA Corporation\PhysX\Common;C:\Program Files\NVIDIA Corporation\NVIDIA NvDLISR;C:\Program Files\Common Files\Autodesk Shared\;C:\Program Files\Microsoft SQL Server\120\Tools\Binn\;%SystemRoot%\system32;%SystemRoot%;%SystemRoot%\System32\Wbem;%SYSTEMROOT%\System32\WindowsPowerShell\v1.0\;%SYSTEMROOT%\System32\OpenSSH\;C:\Users\gabys\AppData\Local\Microsoft\WindowsApps;
USERNAME=gabys
OS=Windows_NT
PROCESSOR_IDENTIFIER=Intel64 Family 6 Model 158 Stepping 10, GenuineIntel



---------------  S Y S T E M  ---------------

OS: Windows 10.0 , 64 bit Build 19041 (10.0.19041.804)

CPU:total 8 (initial active 8) (4 cores per cpu, 2 threads per core) family 6 model 158 stepping 10, cmov, cx8, fxsr, mmx, sse, sse2, sse3, ssse3, sse4.1, sse4.2, popcnt, avx, avx2, aes, clmul, erms, 3dnowpref, lzcnt, ht, tsc, tscinvbit, bmi1, bmi2, adx

Memory: 4k page, physical 8229736k(940972k free), swap 12325736k(5272k free)

vm_info: OpenJDK 64-Bit Server VM (25.242-b01) for windows-amd64 JRE (1.8.0_242-release-1644-b01), built by "builder" with MS VC++ 10.0 (VS2010)

time: Thu Mar 25 20:20:26 2021
timezone: Hora Padrão da Bahia
elapsed time: 1 seconds (0d 0h 0m 1s)

