#
# There is insufficient memory for the Java Runtime Environment to continue.
# Native memory allocation (malloc) failed to allocate 843376 bytes for Chunk::new
# Possible reasons:
#   The system is out of physical RAM or swap space
#   The process is running with CompressedOops enabled, and the Java Heap may be blocking the growth of the native heap
# Possible solutions:
#   Reduce memory load on the system
#   Increase physical memory or swap space
#   Check if swap backing store is full
#   Decrease Java heap size (-Xmx/-Xms)
#   Decrease number of Java threads
#   Decrease Java thread stack sizes (-Xss)
#   Set larger code cache with -XX:ReservedCodeCacheSize=
#   JVM is running with Unscaled Compressed Oops mode in which the Java heap is
#     placed in the first 4GB address space. The Java Heap base address is the
#     maximum limit for the native heap growth. Please use -XX:HeapBaseMinAddress
#     to set the Java Heap base and to place the Java Heap above 4GB virtual address.
# This output file may be truncated or incomplete.
#
#  Out of Memory Error (allocation.cpp:389), pid=19336, tid=0x00000000000049b4
#
# JRE version: OpenJDK Runtime Environment (8.0_242-b01) (build 1.8.0_242-release-1644-b01)
# Java VM: OpenJDK 64-Bit Server VM (25.242-b01 mixed mode windows-amd64 compressed oops)
# Failed to write core dump. Minidumps are not enabled by default on client versions of Windows
#

---------------  T H R E A D  ---------------

Current thread (0x0000000019d83000):  JavaThread "C2 CompilerThread0" daemon [_thread_in_native, id=18868, stack(0x000000001a660000,0x000000001a760000)]

Stack: [0x000000001a660000,0x000000001a760000]
[error occurred during error reporting (printing stack bounds), id 0xc0000005]

Native frames: (J=compiled Java code, j=interpreted, Vv=VM code, C=native code)


Current CompileTask:
C2:  12163 5783       4       java.net.URLClassLoader$1::run (5 bytes)


---------------  P R O C E S S  ---------------

Java Threads: ( => current thread )
  0x000000001bdec000 JavaThread "Cache worker for file content cache (C:\Users\gabys\Documents\Projetos\Jokenpo\.gradle\6.5\fileContent)" [_thread_blocked, id=18700, stack(0x000000002c9a0000,0x000000002caa0000)]
  0x000000001bdf1000 JavaThread "Memory manager" [_thread_blocked, id=18088, stack(0x000000002ba80000,0x000000002bb80000)]
  0x000000001bdf2800 JavaThread "Cache worker for Build Output Cleanup Cache (C:\Users\gabys\Documents\Projetos\Jokenpo\.gradle\buildOutputCleanup)" [_thread_blocked, id=10864, stack(0x000000002b380000,0x000000002b480000)]
  0x00000000206b6800 JavaThread "jar transforms Thread 113" [_thread_blocked, id=17712, stack(0x000000002b080000,0x000000002b180000)]
  0x00000000206b8800 JavaThread "jar transforms Thread 112" [_thread_blocked, id=15556, stack(0x000000002af80000,0x000000002b080000)]
  0x00000000206b5800 JavaThread "jar transforms Thread 111" [_thread_blocked, id=16908, stack(0x000000002ae80000,0x000000002af80000)]
  0x00000000206b5000 JavaThread "jar transforms Thread 110" [_thread_blocked, id=17396, stack(0x000000002ad80000,0x000000002ae80000)]
  0x00000000206b2800 JavaThread "jar transforms Thread 109" [_thread_blocked, id=17928, stack(0x000000002ac80000,0x000000002ad80000)]
  0x00000000206b4000 JavaThread "jar transforms Thread 108" [_thread_blocked, id=18644, stack(0x000000002ab80000,0x000000002ac80000)]
  0x00000000206b3800 JavaThread "jar transforms Thread 107" [_thread_blocked, id=9352, stack(0x000000002aa80000,0x000000002ab80000)]
  0x00000000206b7000 JavaThread "jar transforms Thread 106" [_thread_blocked, id=3740, stack(0x000000002a980000,0x000000002aa80000)]
  0x00000000206b8000 JavaThread "jar transforms Thread 105" [_thread_blocked, id=17260, stack(0x000000002a880000,0x000000002a980000)]
  0x00000000206ae000 JavaThread "jar transforms Thread 104" [_thread_blocked, id=3276, stack(0x000000002a680000,0x000000002a780000)]
  0x00000000206ab000 JavaThread "jar transforms Thread 103" [_thread_blocked, id=16512, stack(0x000000002a580000,0x000000002a680000)]
  0x00000000206b1000 JavaThread "jar transforms Thread 102" [_thread_blocked, id=11232, stack(0x000000002a480000,0x000000002a580000)]
  0x00000000206b2000 JavaThread "jar transforms Thread 101" [_thread_blocked, id=4892, stack(0x000000002a380000,0x000000002a480000)]
  0x00000000206ac000 JavaThread "jar transforms Thread 100" [_thread_blocked, id=4288, stack(0x000000002a280000,0x000000002a380000)]
  0x00000000206ad800 JavaThread "jar transforms Thread 99" [_thread_blocked, id=4036, stack(0x000000002a180000,0x000000002a280000)]
  0x00000000206a9800 JavaThread "jar transforms Thread 98" [_thread_blocked, id=2720, stack(0x000000002a080000,0x000000002a180000)]
  0x00000000206ac800 JavaThread "jar transforms Thread 97" [_thread_blocked, id=16852, stack(0x0000000029f80000,0x000000002a080000)]
  0x00000000206aa800 JavaThread "jar transforms Thread 96" [_thread_blocked, id=11376, stack(0x0000000029e80000,0x0000000029f80000)]
  0x00000000206af800 JavaThread "jar transforms Thread 95" [_thread_blocked, id=7636, stack(0x0000000029d80000,0x0000000029e80000)]
  0x00000000206af000 JavaThread "jar transforms Thread 94" [_thread_blocked, id=12252, stack(0x0000000029c80000,0x0000000029d80000)]
  0x00000000206b0800 JavaThread "jar transforms Thread 93" [_thread_blocked, id=18144, stack(0x0000000029b80000,0x0000000029c80000)]
  0x000000001bb1b800 JavaThread "jar transforms Thread 92" [_thread_blocked, id=13916, stack(0x0000000029a80000,0x0000000029b80000)]
  0x000000001bb15800 JavaThread "jar transforms Thread 91" [_thread_blocked, id=14344, stack(0x0000000029980000,0x0000000029a80000)]
  0x000000001bb17000 JavaThread "jar transforms Thread 90" [_thread_blocked, id=18060, stack(0x0000000029880000,0x0000000029980000)]
  0x000000001bb14000 JavaThread "jar transforms Thread 89" [_thread_blocked, id=8436, stack(0x0000000029780000,0x0000000029880000)]
  0x000000001bb15000 JavaThread "jar transforms Thread 88" [_thread_blocked, id=5172, stack(0x0000000029680000,0x0000000029780000)]
  0x000000001bb1b000 JavaThread "jar transforms Thread 87" [_thread_blocked, id=12264, stack(0x0000000029580000,0x0000000029680000)]
  0x000000001bb18000 JavaThread "jar transforms Thread 86" [_thread_blocked, id=13564, stack(0x0000000029480000,0x0000000029580000)]
  0x000000001bb18800 JavaThread "jar transforms Thread 85" [_thread_blocked, id=19364, stack(0x0000000029380000,0x0000000029480000)]
  0x000000001bb16800 JavaThread "jar transforms Thread 84" [_thread_blocked, id=18884, stack(0x0000000029280000,0x0000000029380000)]
  0x000000001bb1a000 JavaThread "jar transforms Thread 83" [_thread_blocked, id=14708, stack(0x0000000029180000,0x0000000029280000)]
  0x000000001bb19800 JavaThread "jar transforms Thread 82" [_thread_blocked, id=12912, stack(0x0000000029080000,0x0000000029180000)]
  0x000000001bb0c800 JavaThread "jar transforms Thread 81" [_thread_blocked, id=16096, stack(0x0000000028f80000,0x0000000029080000)]
  0x000000001bb10800 JavaThread "jar transforms Thread 80" [_thread_blocked, id=12712, stack(0x0000000028e80000,0x0000000028f80000)]
  0x000000001bb13800 JavaThread "jar transforms Thread 79" [_thread_blocked, id=14836, stack(0x0000000028d80000,0x0000000028e80000)]
  0x000000001bb12800 JavaThread "jar transforms Thread 78" [_thread_blocked, id=3196, stack(0x0000000028c80000,0x0000000028d80000)]
  0x000000001bb0f800 JavaThread "jar transforms Thread 77" [_thread_blocked, id=13776, stack(0x0000000028b80000,0x0000000028c80000)]
  0x000000001bb0f000 JavaThread "jar transforms Thread 76" [_thread_blocked, id=7328, stack(0x0000000028a80000,0x0000000028b80000)]
  0x000000001bb0d800 JavaThread "jar transforms Thread 75" [_thread_blocked, id=13316, stack(0x0000000028980000,0x0000000028a80000)]
  0x000000001bb12000 JavaThread "jar transforms Thread 74" [_thread_blocked, id=14244, stack(0x0000000028880000,0x0000000028980000)]
  0x000000001bb11000 JavaThread "jar transforms Thread 73" [_thread_blocked, id=9648, stack(0x0000000028780000,0x0000000028880000)]
  0x000000001bb0e000 JavaThread "jar transforms Thread 72" [_thread_blocked, id=9752, stack(0x0000000028680000,0x0000000028780000)]
  0x000000002191c800 JavaThread "jar transforms Thread 71" [_thread_blocked, id=19368, stack(0x0000000028580000,0x0000000028680000)]
  0x000000002191e000 JavaThread "jar transforms Thread 70" [_thread_blocked, id=15168, stack(0x0000000028480000,0x0000000028580000)]
  0x000000002191e800 JavaThread "jar transforms Thread 69" [_thread_blocked, id=14200, stack(0x0000000028380000,0x0000000028480000)]
  0x000000002191b800 JavaThread "jar transforms Thread 68" [_thread_blocked, id=9360, stack(0x0000000028280000,0x0000000028380000)]
  0x000000002191f800 JavaThread "jar transforms Thread 67" [_thread_blocked, id=18196, stack(0x0000000028180000,0x0000000028280000)]
  0x000000002191d000 JavaThread "jar transforms Thread 66" [_thread_blocked, id=7644, stack(0x0000000028080000,0x0000000028180000)]
  0x000000002191b000 JavaThread "jar transforms Thread 65" [_thread_blocked, id=2020, stack(0x0000000027f80000,0x0000000028080000)]
  0x0000000021913800 JavaThread "jar transforms Thread 64" [_thread_blocked, id=3664, stack(0x0000000027e80000,0x0000000027f80000)]
  0x000000002191a000 JavaThread "jar transforms Thread 63" [_thread_blocked, id=17464, stack(0x0000000027d80000,0x0000000027e80000)]
  0x0000000021919800 JavaThread "jar transforms Thread 62" [_thread_blocked, id=14972, stack(0x0000000027c80000,0x0000000027d80000)]
  0x0000000021912000 JavaThread "jar transforms Thread 61" [_thread_blocked, id=10996, stack(0x0000000027b80000,0x0000000027c80000)]
  0x0000000021918800 JavaThread "jar transforms Thread 60" [_thread_blocked, id=12140, stack(0x0000000027a80000,0x0000000027b80000)]
  0x0000000021915800 JavaThread "jar transforms Thread 59" [_thread_blocked, id=9588, stack(0x0000000027980000,0x0000000027a80000)]
  0x0000000021912800 JavaThread "jar transforms Thread 58" [_thread_blocked, id=18784, stack(0x0000000027880000,0x0000000027980000)]
  0x0000000021918000 JavaThread "jar transforms Thread 57" [_thread_blocked, id=18584, stack(0x0000000027780000,0x0000000027880000)]
  0x0000000021917000 JavaThread "jar transforms Thread 56" [_thread_blocked, id=11360, stack(0x0000000027680000,0x0000000027780000)]
  0x0000000021910800 JavaThread "jar transforms Thread 55" [_thread_blocked, id=12760, stack(0x0000000027580000,0x0000000027680000)]
  0x0000000021915000 JavaThread "jar transforms Thread 54" [_thread_blocked, id=18128, stack(0x0000000027480000,0x0000000027580000)]
  0x0000000021911000 JavaThread "jar transforms Thread 53" [_thread_blocked, id=8532, stack(0x0000000027380000,0x0000000027480000)]
  0x0000000021916800 JavaThread "jar transforms Thread 52" [_thread_blocked, id=10924, stack(0x0000000027280000,0x0000000027380000)]
  0x0000000021914000 JavaThread "jar transforms Thread 51" [_thread_blocked, id=15736, stack(0x0000000027180000,0x0000000027280000)]
  0x00000000203dd000 JavaThread "jar transforms Thread 50" [_thread_blocked, id=18536, stack(0x0000000027080000,0x0000000027180000)]
  0x00000000203dc800 JavaThread "jar transforms Thread 49" [_thread_blocked, id=12996, stack(0x0000000026f80000,0x0000000027080000)]
  0x00000000203e1000 JavaThread "jar transforms Thread 48" [_thread_blocked, id=18724, stack(0x0000000026e80000,0x0000000026f80000)]
  0x00000000203d9800 JavaThread "jar transforms Thread 47" [_thread_blocked, id=488, stack(0x0000000026d80000,0x0000000026e80000)]
  0x00000000203e0000 JavaThread "jar transforms Thread 46" [_thread_blocked, id=18680, stack(0x0000000026c80000,0x0000000026d80000)]
  0x00000000203da000 JavaThread "jar transforms Thread 45" [_thread_blocked, id=11348, stack(0x0000000026b80000,0x0000000026c80000)]
  0x00000000203db800 JavaThread "jar transforms Thread 44" [_thread_blocked, id=11280, stack(0x0000000026a80000,0x0000000026b80000)]
  0x00000000203de800 JavaThread "jar transforms Thread 43" [_thread_blocked, id=9840, stack(0x0000000026980000,0x0000000026a80000)]
  0x00000000203db000 JavaThread "jar transforms Thread 42" [_thread_blocked, id=8724, stack(0x0000000026880000,0x0000000026980000)]
  0x00000000203de000 JavaThread "jar transforms Thread 41" [_thread_blocked, id=18336, stack(0x0000000026780000,0x0000000026880000)]
  0x00000000203df800 JavaThread "jar transforms Thread 40" [_thread_blocked, id=16964, stack(0x0000000026680000,0x0000000026780000)]
  0x00000000203d1800 JavaThread "jar transforms Thread 39" [_thread_blocked, id=16492, stack(0x0000000026580000,0x0000000026680000)]
  0x00000000203d6000 JavaThread "jar transforms Thread 38" [_thread_blocked, id=12896, stack(0x0000000026480000,0x0000000026580000)]
  0x00000000203d8800 JavaThread "jar transforms Thread 37" [_thread_blocked, id=13276, stack(0x0000000026380000,0x0000000026480000)]
  0x00000000203d5800 JavaThread "jar transforms Thread 36" [_thread_blocked, id=14592, stack(0x0000000026280000,0x0000000026380000)]
  0x00000000203d2800 JavaThread "jar transforms Thread 35" [_thread_blocked, id=11416, stack(0x0000000026180000,0x0000000026280000)]
  0x00000000203d4800 JavaThread "jar transforms Thread 34" [_thread_blocked, id=4020, stack(0x0000000026080000,0x0000000026180000)]
  0x00000000203d4000 JavaThread "jar transforms Thread 33" [_thread_blocked, id=16696, stack(0x0000000025f80000,0x0000000026080000)]
  0x00000000203d8000 JavaThread "jar transforms Thread 32" [_thread_blocked, id=14340, stack(0x0000000025e80000,0x0000000025f80000)]
  0x00000000203d3000 JavaThread "jar transforms Thread 31" [_thread_blocked, id=14764, stack(0x0000000025d80000,0x0000000025e80000)]
  0x00000000203d7000 JavaThread "jar transforms Thread 30" [_thread_blocked, id=10792, stack(0x0000000025c80000,0x0000000025d80000)]
  0x000000001d441000 JavaThread "jar transforms Thread 29" [_thread_blocked, id=3924, stack(0x0000000025b80000,0x0000000025c80000)]
  0x000000001d440000 JavaThread "jar transforms Thread 28" [_thread_blocked, id=14424, stack(0x0000000025a80000,0x0000000025b80000)]
  0x000000001d43e800 JavaThread "jar transforms Thread 27" [_thread_blocked, id=1456, stack(0x0000000025980000,0x0000000025a80000)]
  0x000000001d43e000 JavaThread "jar transforms Thread 26" [_thread_blocked, id=12924, stack(0x0000000025880000,0x0000000025980000)]
  0x000000001d43f800 JavaThread "jar transforms Thread 25" [_thread_blocked, id=16076, stack(0x0000000025780000,0x0000000025880000)]
  0x000000001d436800 JavaThread "jar transforms Thread 24" [_thread_blocked, id=1524, stack(0x0000000025680000,0x0000000025780000)]
  0x000000001d43d000 JavaThread "jar transforms Thread 23" [_thread_blocked, id=11696, stack(0x0000000025580000,0x0000000025680000)]
  0x000000001d43b800 JavaThread "jar transforms Thread 22" [_thread_blocked, id=14964, stack(0x0000000025480000,0x0000000025580000)]
  0x000000001d43c800 JavaThread "jar transforms Thread 21" [_thread_blocked, id=3876, stack(0x0000000025380000,0x0000000025480000)]
  0x000000001d43b000 JavaThread "jar transforms Thread 20" [_thread_blocked, id=16144, stack(0x0000000025280000,0x0000000025380000)]
  0x000000001d434000 JavaThread "jar transforms Thread 19" [_thread_blocked, id=4416, stack(0x0000000025180000,0x0000000025280000)]
  0x000000001d433800 JavaThread "jar transforms Thread 18" [_thread_blocked, id=15108, stack(0x0000000025080000,0x0000000025180000)]
  0x000000001d43a000 JavaThread "jar transforms Thread 17" [_thread_blocked, id=10976, stack(0x0000000024f80000,0x0000000025080000)]
  0x000000001d439800 JavaThread "jar transforms Thread 16" [_thread_blocked, id=16920, stack(0x0000000024e80000,0x0000000024f80000)]
  0x000000001d432800 JavaThread "jar transforms Thread 15" [_thread_blocked, id=16268, stack(0x0000000024d80000,0x0000000024e80000)]
  0x000000001d438800 JavaThread "jar transforms Thread 14" [_thread_blocked, id=11556, stack(0x0000000024c80000,0x0000000024d80000)]
  0x000000001d438000 JavaThread "jar transforms Thread 13" [_thread_blocked, id=12512, stack(0x0000000024b80000,0x0000000024c80000)]
  0x000000001d432000 JavaThread "jar transforms Thread 12" [_thread_blocked, id=10068, stack(0x0000000024a80000,0x0000000024b80000)]
  0x000000001d435800 JavaThread "jar transforms Thread 11" [_thread_blocked, id=13492, stack(0x0000000024980000,0x0000000024a80000)]
  0x000000001d435000 JavaThread "jar transforms Thread 10" [_thread_blocked, id=12060, stack(0x0000000024880000,0x0000000024980000)]
  0x000000001d437000 JavaThread "jar transforms Thread 9" [_thread_blocked, id=8040, stack(0x0000000024780000,0x0000000024880000)]
  0x000000001cfed000 JavaThread "jar transforms Thread 8" [_thread_blocked, id=16036, stack(0x0000000024680000,0x0000000024780000)]
  0x000000001cfeb800 JavaThread "jar transforms Thread 7" [_thread_blocked, id=16308, stack(0x0000000024580000,0x0000000024680000)]
  0x000000001cfeb000 JavaThread "jar transforms Thread 6" [_thread_blocked, id=14308, stack(0x0000000024480000,0x0000000024580000)]
  0x000000001cfe9800 JavaThread "jar transforms Thread 5" [_thread_blocked, id=15332, stack(0x0000000024380000,0x0000000024480000)]
  0x000000001cfec800 JavaThread "jar transforms Thread 4" [_thread_blocked, id=10760, stack(0x0000000024280000,0x0000000024380000)]
  0x000000001cfe7000 JavaThread "jar transforms Thread 3" [_thread_blocked, id=4068, stack(0x0000000024180000,0x0000000024280000)]
  0x000000001cfe8800 JavaThread "jar transforms Thread 2" [_thread_blocked, id=19064, stack(0x0000000024080000,0x0000000024180000)]
  0x000000001cfe8000 JavaThread "Build operations Thread 8" [_thread_blocked, id=18112, stack(0x0000000023e80000,0x0000000023f80000)]
  0x000000001cfe6800 JavaThread "Build operations Thread 7" [_thread_blocked, id=13472, stack(0x0000000023d80000,0x0000000023e80000)]
  0x000000001cfea000 JavaThread "Build operations Thread 6" [_thread_blocked, id=18800, stack(0x0000000023c80000,0x0000000023d80000)]
  0x000000001cfdf800 JavaThread "Build operations Thread 5" [_thread_blocked, id=17520, stack(0x0000000023b80000,0x0000000023c80000)]
  0x000000001cfdf000 JavaThread "Build operations Thread 4" [_thread_blocked, id=6384, stack(0x0000000023a80000,0x0000000023b80000)]
  0x000000001cfe5800 JavaThread "Build operations Thread 3" [_thread_blocked, id=17528, stack(0x0000000023980000,0x0000000023a80000)]
  0x000000001cfe4000 JavaThread "Build operations Thread 2" [_thread_blocked, id=17480, stack(0x0000000023880000,0x0000000023980000)]
  0x000000001cfde000 JavaThread "Build operations" [_thread_blocked, id=17544, stack(0x00000000234d0000,0x00000000235d0000)]
  0x000000001cfe1000 JavaThread "Cache worker for file content cache (C:\Users\gabys\.gradle\caches\6.5\fileContent)" [_thread_blocked, id=11996, stack(0x0000000022fd0000,0x00000000230d0000)]
  0x0000000019d95000 JavaThread "jar transforms" [_thread_blocked, id=6332, stack(0x0000000022ed0000,0x0000000022fd0000)]
  0x0000000019d99800 JavaThread "Cache worker for execution history cache (C:\Users\gabys\.gradle\caches\6.5\executionHistory)" [_thread_blocked, id=4008, stack(0x00000000227d0000,0x00000000228d0000)]
  0x0000000019d93000 JavaThread "Cache worker for cache directory md-rule (C:\Users\gabys\.gradle\caches\6.5\md-rule)" [_thread_blocked, id=3272, stack(0x00000000226d0000,0x00000000227d0000)]
  0x0000000019d98000 JavaThread "Cache worker for cache directory md-supplier (C:\Users\gabys\.gradle\caches\6.5\md-supplier)" [_thread_blocked, id=9448, stack(0x0000000021270000,0x0000000021370000)]
  0x0000000019d93800 JavaThread "Cache worker for checksums cache (C:\Users\gabys\Documents\Projetos\Jokenpo\.gradle\checksums)" [_thread_blocked, id=18848, stack(0x0000000021170000,0x0000000021270000)]
  0x0000000019d94800 JavaThread "Cache worker for file hash cache (C:\Users\gabys\Documents\Projetos\Jokenpo\.gradle\6.5\fileHashes)" [_thread_blocked, id=3112, stack(0x00000000225d0000,0x00000000226d0000)]
  0x0000000019d99000 JavaThread "Cache worker for file hash cache (C:\Users\gabys\.gradle\caches\6.5\fileHashes)" [_thread_blocked, id=4260, stack(0x000000001ecd0000,0x000000001edd0000)]
  0x0000000019d97800 JavaThread "File lock request listener" [_thread_in_native, id=16548, stack(0x000000001ebd0000,0x000000001ecd0000)]
  0x000000001afc1000 JavaThread "Cache worker for journal cache (C:\Users\gabys\.gradle\caches\journal-1)" [_thread_blocked, id=18852, stack(0x000000001ead0000,0x000000001ebd0000)]
  0x000000001acaf800 JavaThread "Thread-9" [_thread_blocked, id=7976, stack(0x000000001e7d0000,0x000000001e8d0000)]
  0x000000001acaf000 JavaThread "Stdin handler" [_thread_blocked, id=8552, stack(0x000000001e6d0000,0x000000001e7d0000)]
  0x000000001cbb6000 JavaThread "Asynchronous log dispatcher for DefaultDaemonConnection: socket connection from /127.0.0.1:53492 to /127.0.0.1:53493" [_thread_blocked, id=5412, stack(0x000000001e5d0000,0x000000001e6d0000)]
  0x000000001ad53000 JavaThread "Daemon worker" [_thread_in_Java, id=12840, stack(0x000000001e4d0000,0x000000001e5d0000)]
  0x000000001cbcc800 JavaThread "Cancel handler" [_thread_blocked, id=7784, stack(0x000000001e3d0000,0x000000001e4d0000)]
  0x000000001cb80800 JavaThread "Handler for socket connection from /127.0.0.1:53492 to /127.0.0.1:53493" [_thread_in_native, id=7488, stack(0x000000001e2d0000,0x000000001e3d0000)]
  0x000000001cb79800 JavaThread "Daemon" [_thread_blocked, id=2856, stack(0x000000001e1d0000,0x000000001e2d0000)]
  0x000000001cafe000 JavaThread "Daemon periodic checks" [_thread_blocked, id=4000, stack(0x000000001ded0000,0x000000001dfd0000)]
  0x000000001cafb800 JavaThread "Incoming local TCP Connector on port 53492" [_thread_in_native, id=4724, stack(0x000000001dc70000,0x000000001dd70000)]
  0x000000001ca42800 JavaThread "Daemon health stats" [_thread_blocked, id=4268, stack(0x000000001c430000,0x000000001c530000)]
  0x0000000019e27800 JavaThread "Service Thread" daemon [_thread_blocked, id=10632, stack(0x000000001aa60000,0x000000001ab60000)]
  0x0000000019d96800 JavaThread "C1 CompilerThread3" daemon [_thread_blocked, id=10264, stack(0x000000001a960000,0x000000001aa60000)]
  0x0000000019d8f000 JavaThread "C2 CompilerThread2" daemon [_thread_in_native, id=14904, stack(0x000000001a860000,0x000000001a960000)]
  0x0000000017f9e000 JavaThread "C2 CompilerThread1" daemon [_thread_in_native, id=9240, stack(0x000000001a760000,0x000000001a860000)]
=>0x0000000019d83000 JavaThread "C2 CompilerThread0" daemon [_thread_in_native, id=18868, stack(0x000000001a660000,0x000000001a760000)]
  0x0000000019d82000 JavaThread "Attach Listener" daemon [_thread_blocked, id=18712, stack(0x000000001a560000,0x000000001a660000)]
  0x0000000019d85800 JavaThread "Signal Dispatcher" daemon [_thread_blocked, id=15808, stack(0x000000001a460000,0x000000001a560000)]
  0x0000000019d70800 JavaThread "Finalizer" daemon [_thread_blocked, id=8904, stack(0x000000001a250000,0x000000001a350000)]
  0x0000000002ee7000 JavaThread "Reference Handler" daemon [_thread_blocked, id=13216, stack(0x000000001a150000,0x000000001a250000)]
  0x0000000002ccd800 JavaThread "main" [_thread_blocked, id=18376, stack(0x0000000002cf0000,0x0000000002df0000)]

Other Threads:
  0x0000000017f86000 VMThread [stack: 0x0000000019c50000,0x0000000019d50000] [id=18888]
  0x0000000019e28800 WatcherThread [stack: 0x000000001ab60000,0x000000001ac60000] [id=14236]

VM state:not at safepoint (normal execution)

VM Mutex/Monitor currently owned by a thread: None

heap address: 0x0000000080000000, size: 2048 MB, Compressed Oops mode: 32-bit
Narrow klass base: 0x0000000000000000, Narrow klass shift: 3
Compressed class space size: 1073741824 Address: 0x0000000100000000

Heap:
 PSYoungGen      total 223232K, used 13954K [0x00000000d5580000, 0x00000000e5800000, 0x0000000100000000)
  eden space 203776K, 6% used [0x00000000d5580000,0x00000000d6320bd8,0x00000000e1c80000)
  from space 19456K, 0% used [0x00000000e1c80000,0x00000000e1c80000,0x00000000e2f80000)
  to   space 18432K, 0% used [0x00000000e2f80000,0x00000000e2f80000,0x00000000e4180000)
 ParOldGen       total 113664K, used 35581K [0x0000000080000000, 0x0000000086f00000, 0x00000000d5580000)
  object space 113664K, 31% used [0x0000000080000000,0x00000000822bf500,0x0000000086f00000)
 Metaspace       used 61648K, capacity 64084K, committed 64280K, reserved 1105920K
  class space    used 8474K, capacity 8985K, committed 9008K, reserved 1048576K

Card table byte_map: [0x00000000122b0000,0x00000000126c0000] byte_map_base: 0x0000000011eb0000

Marking Bits: (ParMarkBitMap*) 0x0000000065f6f030
 Begin Bits: [0x0000000013170000, 0x0000000015170000)
 End Bits:   [0x0000000015170000, 0x0000000017170000)

Polling page: 0x0000000001400000

CodeCache: size=245760Kb used=17722Kb max_used=17877Kb free=228038Kb
 bounds [0x0000000002ef0000, 0x0000000004090000, 0x0000000011ef0000]
 total_blobs=6024 nmethods=5245 adapters=691
 compilation: enabled

Compilation events (10 events):
Event: 11.997 Thread 0x0000000019d83000 5779       4       java.util.regex.Pattern$5::isSatisfiedBy (28 bytes)
Event: 11.998 Thread 0x0000000019d96800 nmethod 5780 0x00000000030a8290 code [0x00000000030a8420, 0x00000000030a8a58]
Event: 11.998 Thread 0x0000000019d83000 nmethod 5779 0x00000000033810d0 code [0x0000000003381220, 0x00000000033812d8]
Event: 11.999 Thread 0x0000000019d96800 5781       3       java.util.StringTokenizer::<init> (8 bytes)
Event: 11.999 Thread 0x0000000019d96800 nmethod 5781 0x00000000031feb90 code [0x00000000031fed00, 0x00000000031fee88]
Event: 12.009 Thread 0x0000000019d96800 5782       3       java.net.URLClassLoader::findResource (37 bytes)
Event: 12.010 Thread 0x0000000019d96800 nmethod 5782 0x0000000003492590 code [0x0000000003492740, 0x0000000003492c38]
Event: 12.031 Thread 0x0000000019d83000 5783       4       java.net.URLClassLoader$1::run (5 bytes)
Event: 12.033 Thread 0x0000000019d96800 5784   !   3       java.lang.Class::desiredAssertionStatus (54 bytes)
Event: 12.035 Thread 0x0000000019d96800 nmethod 5784 0x000000000359c710 code [0x000000000359c940, 0x000000000359d8d8]

GC Heap History (10 events):
Event: 10.076 GC heap before
{Heap before GC invocations=13 (full 2):
 PSYoungGen      total 171008K, used 170657K [0x00000000d5580000, 0x00000000e1b00000, 0x0000000100000000)
  eden space 162816K, 100% used [0x00000000d5580000,0x00000000df480000,0x00000000df480000)
  from space 8192K, 95% used [0x00000000e1300000,0x00000000e1aa8400,0x00000000e1b00000)
  to   space 12800K, 0% used [0x00000000e0200000,0x00000000e0200000,0x00000000e0e80000)
 ParOldGen       total 76288K, used 17778K [0x0000000080000000, 0x0000000084a80000, 0x00000000d5580000)
  object space 76288K, 23% used [0x0000000080000000,0x000000008115c990,0x0000000084a80000)
 Metaspace       used 52559K, capacity 54650K, committed 54824K, reserved 1097728K
  class space    used 6990K, capacity 7453K, committed 7472K, reserved 1048576K
Event: 10.102 GC heap after
Heap after GC invocations=13 (full 2):
 PSYoungGen      total 189440K, used 12796K [0x00000000d5580000, 0x00000000e4180000, 0x0000000100000000)
  eden space 176640K, 0% used [0x00000000d5580000,0x00000000d5580000,0x00000000e0200000)
  from space 12800K, 99% used [0x00000000e0200000,0x00000000e0e7f320,0x00000000e0e80000)
  to   space 18432K, 0% used [0x00000000e2f80000,0x00000000e2f80000,0x00000000e4180000)
 ParOldGen       total 76288K, used 28933K [0x0000000080000000, 0x0000000084a80000, 0x00000000d5580000)
  object space 76288K, 37% used [0x0000000080000000,0x0000000081c414b8,0x0000000084a80000)
 Metaspace       used 52559K, capacity 54650K, committed 54824K, reserved 1097728K
  class space    used 6990K, capacity 7453K, committed 7472K, reserved 1048576K
}
Event: 10.746 GC heap before
{Heap before GC invocations=14 (full 2):
 PSYoungGen      total 189440K, used 56756K [0x00000000d5580000, 0x00000000e4180000, 0x0000000100000000)
  eden space 176640K, 24% used [0x00000000d5580000,0x00000000d806dd10,0x00000000e0200000)
  from space 12800K, 99% used [0x00000000e0200000,0x00000000e0e7f320,0x00000000e0e80000)
  to   space 18432K, 0% used [0x00000000e2f80000,0x00000000e2f80000,0x00000000e4180000)
 ParOldGen       total 76288K, used 28933K [0x0000000080000000, 0x0000000084a80000, 0x00000000d5580000)
  object space 76288K, 37% used [0x0000000080000000,0x0000000081c414b8,0x0000000084a80000)
 Metaspace       used 56802K, capacity 59016K, committed 59160K, reserved 1099776K
  class space    used 7695K, capacity 8153K, committed 8240K, reserved 1048576K
Event: 10.774 GC heap after
Heap after GC invocations=14 (full 2):
 PSYoungGen      total 222208K, used 14279K [0x00000000d5580000, 0x00000000e5800000, 0x0000000100000000)
  eden space 203776K, 0% used [0x00000000d5580000,0x00000000d5580000,0x00000000e1c80000)
  from space 18432K, 77% used [0x00000000e2f80000,0x00000000e3d71df0,0x00000000e4180000)
  to   space 19456K, 0% used [0x00000000e1c80000,0x00000000e1c80000,0x00000000e2f80000)
 ParOldGen       total 76288K, used 32843K [0x0000000080000000, 0x0000000084a80000, 0x00000000d5580000)
  object space 76288K, 43% used [0x0000000080000000,0x0000000082012db8,0x0000000084a80000)
 Metaspace       used 56802K, capacity 59016K, committed 59160K, reserved 1099776K
  class space    used 7695K, capacity 8153K, committed 8240K, reserved 1048576K
}
Event: 10.774 GC heap before
{Heap before GC invocations=15 (full 3):
 PSYoungGen      total 222208K, used 14279K [0x00000000d5580000, 0x00000000e5800000, 0x0000000100000000)
  eden space 203776K, 0% used [0x00000000d5580000,0x00000000d5580000,0x00000000e1c80000)
  from space 18432K, 77% used [0x00000000e2f80000,0x00000000e3d71df0,0x00000000e4180000)
  to   space 19456K, 0% used [0x00000000e1c80000,0x00000000e1c80000,0x00000000e2f80000)
 ParOldGen       total 76288K, used 32843K [0x0000000080000000, 0x0000000084a80000, 0x00000000d5580000)
  object space 76288K, 43% used [0x0000000080000000,0x0000000082012db8,0x0000000084a80000)
 Metaspace       used 56802K, capacity 59016K, committed 59160K, reserved 1099776K
  class space    used 7695K, capacity 8153K, committed 8240K, reserved 1048576K
Event: 11.010 GC heap after
Heap after GC invocations=15 (full 3):
 PSYoungGen      total 222208K, used 0K [0x00000000d5580000, 0x00000000e5800000, 0x0000000100000000)
  eden space 203776K, 0% used [0x00000000d5580000,0x00000000d5580000,0x00000000e1c80000)
  from space 18432K, 0% used [0x00000000e2f80000,0x00000000e2f80000,0x00000000e4180000)
  to   space 19456K, 0% used [0x00000000e1c80000,0x00000000e1c80000,0x00000000e2f80000)
 ParOldGen       total 113664K, used 32300K [0x0000000080000000, 0x0000000086f00000, 0x00000000d5580000)
  object space 113664K, 28% used [0x0000000080000000,0x0000000081f8b228,0x0000000086f00000)
 Metaspace       used 56786K, capacity 58962K, committed 59160K, reserved 1099776K
  class space    used 7690K, capacity 8144K, committed 8240K, reserved 1048576K
}
Event: 11.815 GC heap before
{Heap before GC invocations=16 (full 3):
 PSYoungGen      total 222208K, used 65920K [0x00000000d5580000, 0x00000000e5800000, 0x0000000100000000)
  eden space 203776K, 32% used [0x00000000d5580000,0x00000000d95e0168,0x00000000e1c80000)
  from space 18432K, 0% used [0x00000000e2f80000,0x00000000e2f80000,0x00000000e4180000)
  to   space 19456K, 0% used [0x00000000e1c80000,0x00000000e1c80000,0x00000000e2f80000)
 ParOldGen       total 113664K, used 32300K [0x0000000080000000, 0x0000000086f00000, 0x00000000d5580000)
  object space 113664K, 28% used [0x0000000080000000,0x0000000081f8b228,0x0000000086f00000)
 Metaspace       used 60606K, capacity 62996K, committed 63128K, reserved 1107968K
  class space    used 8304K, capacity 8793K, committed 8880K, reserved 1048576K
Event: 11.842 GC heap after
Heap after GC invocations=16 (full 3):
 PSYoungGen      total 223232K, used 6993K [0x00000000d5580000, 0x00000000e5800000, 0x0000000100000000)
  eden space 203776K, 0% used [0x00000000d5580000,0x00000000d5580000,0x00000000e1c80000)
  from space 19456K, 35% used [0x00000000e1c80000,0x00000000e2354570,0x00000000e2f80000)
  to   space 18432K, 0% used [0x00000000e2f80000,0x00000000e2f80000,0x00000000e4180000)
 ParOldGen       total 113664K, used 32308K [0x0000000080000000, 0x0000000086f00000, 0x00000000d5580000)
  object space 113664K, 28% used [0x0000000080000000,0x0000000081f8d228,0x0000000086f00000)
 Metaspace       used 60606K, capacity 62996K, committed 63128K, reserved 1107968K
  class space    used 8304K, capacity 8793K, committed 8880K, reserved 1048576K
}
Event: 11.843 GC heap before
{Heap before GC invocations=17 (full 4):
 PSYoungGen      total 223232K, used 6993K [0x00000000d5580000, 0x00000000e5800000, 0x0000000100000000)
  eden space 203776K, 0% used [0x00000000d5580000,0x00000000d5580000,0x00000000e1c80000)
  from space 19456K, 35% used [0x00000000e1c80000,0x00000000e2354570,0x00000000e2f80000)
  to   space 18432K, 0% used [0x00000000e2f80000,0x00000000e2f80000,0x00000000e4180000)
 ParOldGen       total 113664K, used 32308K [0x0000000080000000, 0x0000000086f00000, 0x00000000d5580000)
  object space 113664K, 28% used [0x0000000080000000,0x0000000081f8d228,0x0000000086f00000)
 Metaspace       used 60606K, capacity 62996K, committed 63128K, reserved 1107968K
  class space    used 8304K, capacity 8793K, committed 8880K, reserved 1048576K
Event: 11.960 GC heap after
Heap after GC invocations=17 (full 4):
 PSYoungGen      total 223232K, used 0K [0x00000000d5580000, 0x00000000e5800000, 0x0000000100000000)
  eden space 203776K, 0% used [0x00000000d5580000,0x00000000d5580000,0x00000000e1c80000)
  from space 19456K, 0% used [0x00000000e1c80000,0x00000000e1c80000,0x00000000e2f80000)
  to   space 18432K, 0% used [0x00000000e2f80000,0x00000000e2f80000,0x00000000e4180000)
 ParOldGen       total 113664K, used 35581K [0x0000000080000000, 0x0000000086f00000, 0x00000000d5580000)
  object space 113664K, 31% used [0x0000000080000000,0x00000000822bf500,0x0000000086f00000)
 Metaspace       used 60606K, capacity 62996K, committed 63128K, reserved 1105920K
  class space    used 8304K, capacity 8793K, committed 8880K, reserved 1048576K
}

Deoptimization events (10 events):
Event: 11.347 Thread 0x000000001ad53000 Uncommon trap: reason=unstable_if action=reinterpret pc=0x00000000033d52f4 method=java.lang.String.regionMatches(ZILjava/lang/String;II)Z @ 58
Event: 11.386 Thread 0x000000001ad53000 Uncommon trap: reason=unstable_if action=reinterpret pc=0x000000000364b01c method=sun.nio.fs.WindowsPathParser.isSlash(C)Z @ 9
Event: 11.386 Thread 0x000000001ad53000 Uncommon trap: reason=unstable_if action=reinterpret pc=0x00000000032276f8 method=sun.nio.fs.WindowsPathParser.isSlash(C)Z @ 9
Event: 11.400 Thread 0x000000001ad53000 Uncommon trap: reason=unstable_if action=reinterpret pc=0x0000000003c31bd4 method=java.util.TreeMap.put(Ljava/lang/Object;Ljava/lang/Object;)Ljava/lang/Object; @ 163
Event: 11.595 Thread 0x000000001ad53000 Uncommon trap: reason=unstable_if action=reinterpret pc=0x0000000003094704 method=java.lang.String.lastIndexOf([CII[CIII)I @ 118
Event: 11.742 Thread 0x000000001ad53000 Uncommon trap: reason=unstable_if action=reinterpret pc=0x0000000003060d74 method=java.util.Properties$LineReader.readLine()I @ 37
Event: 11.779 Thread 0x000000001ad53000 Uncommon trap: reason=bimorphic action=maybe_recompile pc=0x0000000003c65714 method=java.util.regex.Pattern$5.isSatisfiedBy(I)Z @ 16
Event: 11.779 Thread 0x000000001ad53000 Uncommon trap: reason=bimorphic action=maybe_recompile pc=0x0000000003c65714 method=java.util.regex.Pattern$5.isSatisfiedBy(I)Z @ 16
Event: 11.779 Thread 0x000000001ad53000 Uncommon trap: reason=bimorphic action=maybe_recompile pc=0x0000000003c65714 method=java.util.regex.Pattern$5.isSatisfiedBy(I)Z @ 16
Event: 11.779 Thread 0x000000001ad53000 Uncommon trap: reason=bimorphic action=maybe_recompile pc=0x0000000003c65714 method=java.util.regex.Pattern$5.isSatisfiedBy(I)Z @ 16

Classes redefined (0 events):
No events

Internal exceptions (10 events):
Event: 11.260 Thread 0x000000001ad53000 Exception <a 'java/lang/ClassNotFoundException': org/gradle/api/internal/file/CompositeFileCollectionBeanInfo> (0x00000000d6a07618) thrown at [C:\src\AOSP-openjdk-git\hotspot\src\share\vm\classfile\systemDictionary.cpp, line 210]
Event: 11.260 Thread 0x000000001ad53000 Exception <a 'java/lang/ClassNotFoundException': org/gradle/api/internal/file/AbstractFileCollectionBeanInfo> (0x00000000d6a23620) thrown at [C:\src\AOSP-openjdk-git\hotspot\src\share\vm\classfile\systemDictionary.cpp, line 210]
Event: 11.261 Thread 0x000000001ad53000 Exception <a 'java/lang/ClassNotFoundException': org/gradle/api/internal/file/AbstractFileCollectionCustomizer> (0x00000000d6a3fc28) thrown at [C:\src\AOSP-openjdk-git\hotspot\src\share\vm\classfile\systemDictionary.cpp, line 210]
Event: 11.261 Thread 0x000000001ad53000 Exception <a 'java/lang/ClassNotFoundException': org/gradle/api/internal/file/CompositeFileCollectionCustomizer> (0x00000000d6a6d6c8) thrown at [C:\src\AOSP-openjdk-git\hotspot\src\share\vm\classfile\systemDictionary.cpp, line 210]
Event: 11.262 Thread 0x000000001ad53000 Exception <a 'java/lang/ClassNotFoundException': org/gradle/api/internal/file/CompositeFileTreeCustomizer> (0x00000000d6a94640) thrown at [C:\src\AOSP-openjdk-git\hotspot\src\share\vm\classfile\systemDictionary.cpp, line 210]
Event: 11.263 Thread 0x000000001ad53000 Exception <a 'java/lang/ClassNotFoundException': org/gradle/api/internal/file/collections/DefaultConfigurableFileTreeCustomizer> (0x00000000d6ac1f20) thrown at [C:\src\AOSP-openjdk-git\hotspot\src\share\vm\classfile\systemDictionary.cpp, line 210]
Event: 11.407 Thread 0x000000001ad53000 Exception <a 'java/lang/NoSuchMethodError': java.lang.Object.lambda$static$0(Lorg/gradle/api/internal/tasks/TaskDependencyResolveContext;)V> (0x00000000d7425b68) thrown at [C:\src\AOSP-openjdk-git\hotspot\src\share\vm\interpreter\linkResolver.cpp, line 62
Event: 11.756 Thread 0x000000001ad53000 Exception <a 'sun/nio/fs/WindowsException'> (0x00000000d9117d50) thrown at [C:\src\AOSP-openjdk-git\hotspot\src\share\vm\prims\jni.cpp, line 710]
Event: 11.999 Thread 0x000000001ad53000 Exception <a 'java/lang/ClassNotFoundException': com/sun/org/glassfish/hk2/osgiresourcelocator/ServiceLoader> (0x00000000d5827178) thrown at [C:\src\AOSP-openjdk-git\hotspot\src\share\vm\classfile\systemDictionary.cpp, line 210]
Event: 12.052 Thread 0x000000001ad53000 Exception <a 'java/lang/NullPointerException'> (0x00000000d5d3c4f8) thrown at [C:\src\AOSP-openjdk-git\hotspot\src\share\vm\interpreter\linkResolver.cpp, line 1287]

Events (10 events):
Event: 12.146 loading class javax/xml/bind/annotation/XmlValue
Event: 12.146 loading class javax/xml/bind/annotation/XmlValue done
Event: 12.146 loading class com/sun/xml/bind/v2/model/annotation/SecureLoader
Event: 12.146 loading class com/sun/xml/bind/v2/model/annotation/SecureLoader done
Event: 12.152 loading class com/sun/xml/bind/v2/model/impl/RegistryInfoImpl
Event: 12.152 loading class com/sun/xml/bind/v2/model/impl/RegistryInfoImpl done
Event: 12.154 loading class com/sun/xml/bind/v2/runtime/IllegalAnnotationException
Event: 12.154 loading class com/sun/xml/bind/v2/runtime/IllegalAnnotationException done
Event: 12.158 loading class com/sun/xml/bind/v2/model/nav/ReflectionNavigator$4
Event: 12.158 loading class com/sun/xml/bind/v2/model/nav/ReflectionNavigator$4 done


Dynamic libraries:
0x00007ff660700000 - 0x00007ff660731000 	C:\Program Files\Android\Android Studio\jre\bin\java.exe
0x00007ffa58170000 - 0x00007ffa58365000 	C:\WINDOWS\SYSTEM32\ntdll.dll
0x00007ffa56b10000 - 0x00007ffa56bcd000 	C:\WINDOWS\System32\KERNEL32.DLL
0x00007ffa55e70000 - 0x00007ffa56139000 	C:\WINDOWS\System32\KERNELBASE.dll
0x00007ffa577f0000 - 0x00007ffa5789c000 	C:\WINDOWS\System32\ADVAPI32.dll
0x00007ffa56bd0000 - 0x00007ffa56c6e000 	C:\WINDOWS\System32\msvcrt.dll
0x00007ffa56760000 - 0x00007ffa567fc000 	C:\WINDOWS\System32\sechost.dll
0x00007ffa56510000 - 0x00007ffa5663b000 	C:\WINDOWS\System32\RPCRT4.dll
0x00007ffa56370000 - 0x00007ffa56510000 	C:\WINDOWS\System32\USER32.dll
0x00007ffa55a90000 - 0x00007ffa55ab2000 	C:\WINDOWS\System32\win32u.dll
0x00007ffa57750000 - 0x00007ffa5777a000 	C:\WINDOWS\System32\GDI32.dll
0x00007ffa55ac0000 - 0x00007ffa55bcb000 	C:\WINDOWS\System32\gdi32full.dll
0x00007ffa55bd0000 - 0x00007ffa55c6d000 	C:\WINDOWS\System32\msvcp_win.dll
0x00007ffa55c70000 - 0x00007ffa55d70000 	C:\WINDOWS\System32\ucrtbase.dll
0x00007ffa3a2f0000 - 0x00007ffa3a58a000 	C:\WINDOWS\WinSxS\amd64_microsoft.windows.common-controls_6595b64144ccf1df_6.0.19041.844_none_ca00b6081b84eb1d\COMCTL32.dll
0x00007ffa569b0000 - 0x00007ffa569e0000 	C:\WINDOWS\System32\IMM32.DLL
0x00000000665e0000 - 0x00000000666b2000 	C:\Program Files\Android\Android Studio\jre\jre\bin\msvcr100.dll
0x00000000657a0000 - 0x0000000065feb000 	C:\Program Files\Android\Android Studio\jre\jre\bin\server\jvm.dll
0x00007ffa56800000 - 0x00007ffa56808000 	C:\WINDOWS\System32\PSAPI.DLL
0x00007ffa3ef80000 - 0x00007ffa3efa7000 	C:\WINDOWS\SYSTEM32\WINMM.dll
0x00007ffa4ad10000 - 0x00007ffa4ad19000 	C:\WINDOWS\SYSTEM32\WSOCK32.dll
0x00007ffa49f10000 - 0x00007ffa49f1a000 	C:\WINDOWS\SYSTEM32\VERSION.dll
0x00007ffa57780000 - 0x00007ffa577eb000 	C:\WINDOWS\System32\WS2_32.dll
0x00007ffa4c580000 - 0x00007ffa4c58f000 	C:\Program Files\Android\Android Studio\jre\jre\bin\verify.dll
0x00007ffa3f250000 - 0x00007ffa3f279000 	C:\Program Files\Android\Android Studio\jre\jre\bin\java.dll
0x00007ffa3f230000 - 0x00007ffa3f246000 	C:\Program Files\Android\Android Studio\jre\jre\bin\zip.dll
0x00007ffa56c70000 - 0x00007ffa573b2000 	C:\WINDOWS\System32\SHELL32.dll
0x00007ffa53660000 - 0x00007ffa53df0000 	C:\WINDOWS\SYSTEM32\windows.storage.dll
0x00007ffa573f0000 - 0x00007ffa57745000 	C:\WINDOWS\System32\combase.dll
0x00007ffa55320000 - 0x00007ffa5534c000 	C:\WINDOWS\SYSTEM32\Wldp.dll
0x00007ffa578a0000 - 0x00007ffa5794e000 	C:\WINDOWS\System32\SHCORE.dll
0x00007ffa56810000 - 0x00007ffa56865000 	C:\WINDOWS\System32\shlwapi.dll
0x00007ffa557f0000 - 0x00007ffa5580f000 	C:\WINDOWS\SYSTEM32\profapi.dll
0x00007ffa3f210000 - 0x00007ffa3f22a000 	C:\Program Files\Android\Android Studio\jre\jre\bin\net.dll
0x00007ffa550a0000 - 0x00007ffa5510a000 	C:\WINDOWS\system32\mswsock.dll
0x00007ffa3de20000 - 0x00007ffa3de33000 	C:\Program Files\Android\Android Studio\jre\jre\bin\nio.dll
0x00007ffa38ab0000 - 0x00007ffa38ad7000 	C:\Users\gabys\.gradle\native\f6784746aeab05261644944871eae4fe03e0ef1612fff0a4a95f87b438bc6780\windows-amd64\native-platform.dll
0x00007ffa4c570000 - 0x00007ffa4c57d000 	C:\Program Files\Android\Android Studio\jre\jre\bin\management.dll
0x00007ffa55270000 - 0x00007ffa55288000 	C:\WINDOWS\SYSTEM32\CRYPTSP.dll
0x00007ffa549d0000 - 0x00007ffa54a04000 	C:\WINDOWS\system32\rsaenh.dll
0x00007ffa561a0000 - 0x00007ffa561c7000 	C:\WINDOWS\System32\bcrypt.dll
0x00007ffa55770000 - 0x00007ffa5579e000 	C:\WINDOWS\SYSTEM32\USERENV.dll
0x00007ffa558b0000 - 0x00007ffa55930000 	C:\WINDOWS\System32\bcryptprimitives.dll
0x00007ffa55290000 - 0x00007ffa5529c000 	C:\WINDOWS\SYSTEM32\CRYPTBASE.dll
0x00007ffa54d40000 - 0x00007ffa54d7b000 	C:\WINDOWS\SYSTEM32\IPHLPAPI.DLL
0x00007ffa573c0000 - 0x00007ffa573c8000 	C:\WINDOWS\System32\NSI.dll
0x00007ffa49840000 - 0x00007ffa49857000 	C:\WINDOWS\SYSTEM32\dhcpcsvc6.DLL
0x00007ffa49f40000 - 0x00007ffa49f5d000 	C:\WINDOWS\SYSTEM32\dhcpcsvc.DLL
0x00007ffa54d90000 - 0x00007ffa54e5b000 	C:\WINDOWS\SYSTEM32\DNSAPI.dll
0x00007ffa4ce40000 - 0x00007ffa4ce4b000 	C:\WINDOWS\SYSTEM32\WINNSI.DLL

VM Arguments:
jvm_args: -Xmx2048m -Dfile.encoding=UTF-8 -Duser.country=BR -Duser.language=pt -Duser.variant 
java_command: org.gradle.launcher.daemon.bootstrap.GradleDaemon 6.5
java_class_path (initial): C:\Users\gabys\.gradle\wrapper\dists\gradle-6.5-bin\6nifqtx7604sqp1q6g8wikw7p\gradle-6.5\lib\gradle-launcher-6.5.jar
Launcher Type: SUN_STANDARD

Environment Variables:
PATH=C:\Windows\system32;C:\Windows;C:\Windows\System32\Wbem;C:\Windows\System32\WindowsPowerShell\v1.0\;C:\Windows\System32\OpenSSH\;C:\Program Files (x86)\NVIDIA Corporation\PhysX\Common;C:\Program Files\NVIDIA Corporation\NVIDIA NvDLISR;C:\Program Files\Common Files\Autodesk Shared\;C:\Program Files\Microsoft SQL Server\120\Tools\Binn\;%SystemRoot%\system32;%SystemRoot%;%SystemRoot%\System32\Wbem;%SYSTEMROOT%\System32\WindowsPowerShell\v1.0\;%SYSTEMROOT%\System32\OpenSSH\;C:\Users\gabys\AppData\Local\Microsoft\WindowsApps;
USERNAME=gabys
OS=Windows_NT
PROCESSOR_IDENTIFIER=Intel64 Family 6 Model 158 Stepping 10, GenuineIntel



---------------  S Y S T E M  ---------------

OS: Windows 10.0 , 64 bit Build 19041 (10.0.19041.804)

CPU:total 8 (initial active 8) (4 cores per cpu, 2 threads per core) family 6 model 158 stepping 10, cmov, cx8, fxsr, mmx, sse, sse2, sse3, ssse3, sse4.1, sse4.2, popcnt, avx, avx2, aes, clmul, erms, 3dnowpref, lzcnt, ht, tsc, tscinvbit, bmi1, bmi2, adx

Memory: 4k page, physical 8229736k(408272k free), swap 12325736k(5220k free)

vm_info: OpenJDK 64-Bit Server VM (25.242-b01) for windows-amd64 JRE (1.8.0_242-release-1644-b01), built by "builder" with MS VC++ 10.0 (VS2010)

time: Fri Apr 16 17:20:18 2021
timezone: Hora Padrão da Bahia
elapsed time: 12 seconds (0d 0h 0m 12s)

